2025-09-09 18:37:30,331 - INFO - 开始训练 MADDPG...
2025-09-09 18:37:30,331 - INFO - 日志目录: log/train_2025-09-09-18-37
2025-09-09 18:37:30,331 - INFO - 配置文件已保存到: log/train_2025-09-09-18-37/config.json
2025-09-09 18:37:30,331 - INFO - 配置参数: {'map': {'kMaxX': 5.0, 'kMaxY': 5.0, 'kMinX': -5.0, 'kMinY': -5.0, 'kMaxObsR': 1.0, 'kMinObsR': 0.3, 'kNumAgents': 2, 'kNumGoals': 5, 'kNumObstacles': 3, 'kTimeStep': 0.1}, 'agent': {'kAgentRadius': 0.2, 'kMaxSpeed': 1.0, 'kMaxAngularSpeed': 1.0, 'kNumRadars': 32, 'kMaxRadarDist': 3.0}, 'goal': {'kGoalThreshold': 0.3}, 'reward': {'kTimeReward': -0.1, 'kCollisionReward': -100.0, 'kGoalReward': 100.0, 'kDistanceReward': 0.1, 'kAgentSeparationReward': 0.1, 'kMinAgentDistance': 1.0, 'kMinGoalDistance': 0.1}, 'training': {'max_episodes': 1000, 'max_steps_per_episode': 500, 'buffer_size': 100000, 'batch_size': 256, 'learning_rate': 2e-05, 'lr_decay': 0.99, 'min_learning_rate': 5e-06, 'gamma': 0.95, 'tau': 0.01, 'noise_std': 0.1, 'noise_decay': 0.995, 'min_noise_std': 0.01, 'smart_noise_control': True, 'random_exploration_episodes': 0, 'save_interval': 500, 'log_interval': 10, 'device': 'cuda'}}
2025-09-09 18:37:30,366 - INFO - 使用设备: cuda
2025-09-09 18:37:30,373 - INFO - 环境创建成功 - Agent数量: 2, 目标数量: 5, 障碍物数量: 3
2025-09-09 18:37:30,373 - INFO - 状态维度 - Agent状态: 3, 观测维度: 32, 动作维度: 2
2025-09-09 18:37:30,373 - INFO - 全局状态维度: 30, 最大动作: [1. 1.]
2025-09-09 18:37:30,993 - INFO - 智能体团队创建成功
2025-09-09 18:37:30,993 - INFO - 经验回放缓冲区创建成功
2025-09-09 18:37:30,993 - INFO - 保存初始环境状态图...
2025-09-09 18:37:31,406 - INFO - 初始环境状态图已保存到: images/initial_environment_state.png
2025-09-09 18:37:31,406 - INFO - 开始训练循环...
2025-09-09 18:37:31,406 - INFO - 前0轮将使用纯随机游走策略，不执行actor网络和学习
2025-09-09 18:37:31,406 - INFO - ============================================================
2025-09-09 18:37:31,406 - INFO - 切换训练策略：从随机游走切换到Actor网络策略
2025-09-09 18:37:31,406 - INFO - 开始执行Actor网络和网络学习
2025-09-09 18:37:31,406 - INFO - ============================================================
2025-09-09 18:37:35,057 - INFO - 定期模型已保存到 log/train_2025-09-09-18-37/periodic_saves/episode_1 - 在指定轮数切换策略时保存模型
2025-09-09 18:37:38,680 - INFO - Episode 10/1000 - 策略: Actor网络, 平均奖励: -99.885, 平均步数: 55.1, 成功率: 0.000, 平均完成任务点: 0.00, 学习率: 0.000020, 噪声标准差: 0.0951, 平均用时: 0.73s
2025-09-09 18:37:40,637 - INFO - Episode 20/1000 - 策略: Actor网络, 平均奖励: -100.321, 平均步数: 11.6, 成功率: 0.000, 平均完成任务点: 0.00, 学习率: 0.000020, 噪声标准差: 0.0905, 平均用时: 0.20s
2025-09-09 18:37:42,064 - INFO - Episode 30/1000 - 策略: Actor网络, 平均奖励: -100.278, 平均步数: 8.3, 成功率: 0.000, 平均完成任务点: 0.00, 学习率: 0.000020, 噪声标准差: 0.0860, 平均用时: 0.14s
2025-09-09 18:37:43,493 - INFO - Episode 40/1000 - 策略: Actor网络, 平均奖励: -100.277, 平均步数: 8.3, 成功率: 0.000, 平均完成任务点: 0.00, 学习率: 0.000019, 噪声标准差: 0.0818, 平均用时: 0.14s
2025-09-09 18:37:45,837 - INFO - Episode 50/1000 - 策略: Actor网络, 平均奖励: -100.101, 平均步数: 12.8, 成功率: 0.000, 平均完成任务点: 0.00, 学习率: 0.000019, 噪声标准差: 0.0778, 平均用时: 0.23s
2025-09-09 18:37:48,560 - INFO - Episode 60/1000 - 策略: Actor网络, 平均奖励: -99.933, 平均步数: 16.0, 成功率: 0.000, 平均完成任务点: 0.00, 学习率: 0.000019, 噪声标准差: 0.0740, 平均用时: 0.27s
2025-09-09 18:37:51,485 - INFO - Episode 70/1000 - 策略: Actor网络, 平均奖励: -99.890, 平均步数: 17.5, 成功率: 0.000, 平均完成任务点: 0.00, 学习率: 0.000019, 噪声标准差: 0.0704, 平均用时: 0.29s
2025-09-09 18:37:56,312 - INFO - Episode 80/1000 - 策略: Actor网络, 平均奖励: -99.716, 平均步数: 29.0, 成功率: 0.000, 平均完成任务点: 0.00, 学习率: 0.000019, 噪声标准差: 0.0670, 平均用时: 0.48s
2025-09-09 18:38:01,158 - INFO - Episode 90/1000 - 策略: Actor网络, 平均奖励: -99.713, 平均步数: 29.1, 成功率: 0.000, 平均完成任务点: 0.00, 学习率: 0.000018, 噪声标准差: 0.0637, 平均用时: 0.48s
2025-09-09 18:38:06,053 - INFO - Episode 100/1000 - 策略: Actor网络, 平均奖励: -99.707, 平均步数: 29.4, 成功率: 0.000, 平均完成任务点: 0.00, 学习率: 0.000018, 噪声标准差: 0.0606, 平均用时: 0.49s
2025-09-09 18:38:10,870 - INFO - Episode 110/1000 - 策略: Actor网络, 平均奖励: -99.715, 平均步数: 28.9, 成功率: 0.000, 平均完成任务点: 0.00, 学习率: 0.000018, 噪声标准差: 0.0576, 平均用时: 0.48s
2025-09-09 18:38:15,662 - INFO - Episode 120/1000 - 策略: Actor网络, 平均奖励: -99.721, 平均步数: 28.7, 成功率: 0.000, 平均完成任务点: 0.00, 学习率: 0.000018, 噪声标准差: 0.0548, 平均用时: 0.48s
2025-09-09 18:38:20,463 - INFO - Episode 130/1000 - 策略: Actor网络, 平均奖励: -99.720, 平均步数: 28.8, 成功率: 0.000, 平均完成任务点: 0.00, 学习率: 0.000018, 噪声标准差: 0.0521, 平均用时: 0.48s
2025-09-09 18:38:25,427 - INFO - Episode 140/1000 - 策略: Actor网络, 平均奖励: -99.715, 平均步数: 29.0, 成功率: 0.000, 平均完成任务点: 0.00, 学习率: 0.000018, 噪声标准差: 0.0496, 平均用时: 0.50s
2025-09-09 18:38:30,235 - INFO - Episode 150/1000 - 策略: Actor网络, 平均奖励: -99.718, 平均步数: 29.0, 成功率: 0.000, 平均完成任务点: 0.00, 学习率: 0.000017, 噪声标准差: 0.0471, 平均用时: 0.48s
2025-09-09 18:38:35,426 - INFO - Episode 160/1000 - 策略: Actor网络, 平均奖励: -100.061, 平均步数: 31.2, 成功率: 0.000, 平均完成任务点: 0.00, 学习率: 0.000017, 噪声标准差: 0.0448, 平均用时: 0.52s
2025-09-09 18:38:41,077 - INFO - Episode 170/1000 - 策略: Actor网络, 平均奖励: -100.684, 平均步数: 33.6, 成功率: 0.000, 平均完成任务点: 0.00, 学习率: 0.000017, 噪声标准差: 0.0427, 平均用时: 0.57s
2025-09-09 18:38:46,749 - INFO - Episode 180/1000 - 策略: Actor网络, 平均奖励: -100.743, 平均步数: 33.8, 成功率: 0.000, 平均完成任务点: 0.00, 学习率: 0.000017, 噪声标准差: 0.0406, 平均用时: 0.57s
2025-09-09 18:38:52,361 - INFO - Episode 190/1000 - 策略: Actor网络, 平均奖励: -100.907, 平均步数: 33.9, 成功率: 0.000, 平均完成任务点: 0.00, 学习率: 0.000017, 噪声标准差: 0.0386, 平均用时: 0.56s
2025-09-09 18:38:56,992 - INFO - Episode 200/1000 - 策略: Actor网络, 平均奖励: -100.664, 平均步数: 27.5, 成功率: 0.000, 平均完成任务点: 0.00, 学习率: 0.000017, 噪声标准差: 0.0367, 平均用时: 0.46s
2025-09-09 18:38:59,780 - INFO - Episode 210/1000 - 策略: Actor网络, 平均奖励: -100.086, 平均步数: 16.6, 成功率: 0.000, 平均完成任务点: 0.00, 学习率: 0.000016, 噪声标准差: 0.0349, 平均用时: 0.28s
2025-09-09 18:39:03,203 - INFO - Episode 220/1000 - 策略: Actor网络, 平均奖励: -99.998, 平均步数: 20.5, 成功率: 0.000, 平均完成任务点: 0.00, 学习率: 0.000016, 噪声标准差: 0.0332, 平均用时: 0.34s
2025-09-09 18:39:13,703 - INFO - Episode 230, Step 51: 检测到任务点完成，停止添加噪声
2025-09-09 18:39:13,963 - INFO - Episode 230/1000 - 策略: Actor网络, 平均奖励: -86.952, 平均步数: 64.3, 成功率: 0.000, 平均完成任务点: 0.10, 学习率: 0.000016, 噪声标准差: 0.0317, 平均用时: 1.08s
2025-09-09 18:39:13,967 - INFO - 最佳模型已保存到 log/train_2025-09-09-18-37/best_model - 平均完成任务数提升至 0.100
2025-09-09 18:39:35,061 - INFO - Episode 240/1000 - 策略: Actor网络, 平均奖励: 26.464, 平均步数: 126.4, 成功率: 0.000, 平均完成任务点: 1.20, 学习率: 0.000016, 噪声标准差: 0.0317, 平均用时: 2.11s
2025-09-09 18:39:35,066 - INFO - 最佳模型已保存到 log/train_2025-09-09-18-37/best_model - 平均完成任务数提升至 1.200
2025-09-09 18:39:47,097 - INFO - Episode 250/1000 - 策略: Actor网络, 平均奖励: -63.439, 平均步数: 72.1, 成功率: 0.000, 平均完成任务点: 0.30, 学习率: 0.000016, 噪声标准差: 0.0317, 平均用时: 1.20s
2025-09-09 18:39:54,215 - INFO - Episode 260/1000 - 策略: Actor网络, 平均奖励: -98.037, 平均步数: 42.6, 成功率: 0.000, 平均完成任务点: 0.00, 学习率: 0.000016, 噪声标准差: 0.0317, 平均用时: 0.71s
2025-09-09 18:40:00,084 - INFO - Episode 270/1000 - 策略: Actor网络, 平均奖励: -99.081, 平均步数: 35.1, 成功率: 0.000, 平均完成任务点: 0.00, 学习率: 0.000015, 噪声标准差: 0.0317, 平均用时: 0.59s
2025-09-09 18:40:05,774 - INFO - Episode 280/1000 - 策略: Actor网络, 平均奖励: -99.190, 平均步数: 34.2, 成功率: 0.000, 平均完成任务点: 0.00, 学习率: 0.000015, 噪声标准差: 0.0317, 平均用时: 0.57s
2025-09-09 18:40:11,896 - INFO - Episode 290/1000 - 策略: Actor网络, 平均奖励: -99.055, 平均步数: 36.6, 成功率: 0.000, 平均完成任务点: 0.00, 学习率: 0.000015, 噪声标准差: 0.0317, 平均用时: 0.61s
2025-09-09 18:40:20,337 - INFO - Episode 300/1000 - 策略: Actor网络, 平均奖励: -97.349, 平均步数: 50.9, 成功率: 0.000, 平均完成任务点: 0.00, 学习率: 0.000015, 噪声标准差: 0.0317, 平均用时: 0.84s
2025-09-09 18:40:31,867 - INFO - Episode 310/1000 - 策略: Actor网络, 平均奖励: -94.104, 平均步数: 70.1, 成功率: 0.000, 平均完成任务点: 0.00, 学习率: 0.000015, 噪声标准差: 0.0317, 平均用时: 1.15s
2025-09-09 18:41:17,314 - INFO - Episode 320/1000 - 策略: Actor网络, 平均奖励: 1.546, 平均步数: 273.3, 成功率: 0.000, 平均完成任务点: 0.50, 学习率: 0.000015, 噪声标准差: 0.0317, 平均用时: 4.54s
2025-09-09 18:41:25,139 - INFO - Episode 330/1000 - 策略: Actor网络, 平均奖励: -96.323, 平均步数: 47.0, 成功率: 0.000, 平均完成任务点: 0.00, 学习率: 0.000014, 噪声标准差: 0.0317, 平均用时: 0.78s
2025-09-09 18:41:32,145 - INFO - Episode 340/1000 - 策略: Actor网络, 平均奖励: -97.401, 平均步数: 42.1, 成功率: 0.000, 平均完成任务点: 0.00, 学习率: 0.000014, 噪声标准差: 0.0317, 平均用时: 0.70s
2025-09-09 18:41:41,911 - INFO - Episode 350/1000 - 策略: Actor网络, 平均奖励: -93.815, 平均步数: 58.9, 成功率: 0.000, 平均完成任务点: 0.00, 学习率: 0.000014, 噪声标准差: 0.0317, 平均用时: 0.98s
2025-09-09 18:41:51,263 - INFO - Episode 360/1000 - 策略: Actor网络, 平均奖励: -94.823, 平均步数: 56.1, 成功率: 0.000, 平均完成任务点: 0.00, 学习率: 0.000014, 噪声标准差: 0.0317, 平均用时: 0.94s
2025-09-09 18:41:59,413 - INFO - Episode 370/1000 - 策略: Actor网络, 平均奖励: -98.526, 平均步数: 49.1, 成功率: 0.000, 平均完成任务点: 0.00, 学习率: 0.000014, 噪声标准差: 0.0317, 平均用时: 0.81s
2025-09-09 18:42:20,568 - INFO - Episode 380/1000 - 策略: Actor网络, 平均奖励: -84.436, 平均步数: 127.6, 成功率: 0.000, 平均完成任务点: 0.00, 学习率: 0.000014, 噪声标准差: 0.0317, 平均用时: 2.12s
2025-09-09 18:42:27,919 - INFO - Episode 390/1000 - 策略: Actor网络, 平均奖励: -100.145, 平均步数: 44.2, 成功率: 0.000, 平均完成任务点: 0.00, 学习率: 0.000014, 噪声标准差: 0.0317, 平均用时: 0.74s
2025-09-09 18:42:45,662 - INFO - Episode 400/1000 - 策略: Actor网络, 平均奖励: -97.931, 平均步数: 107.1, 成功率: 0.000, 平均完成任务点: 0.00, 学习率: 0.000014, 噪声标准差: 0.0317, 平均用时: 1.77s
2025-09-09 18:43:31,645 - INFO - Episode 410/1000 - 策略: Actor网络, 平均奖励: -20.293, 平均步数: 307.1, 成功率: 0.000, 平均完成任务点: 0.30, 学习率: 0.000013, 噪声标准差: 0.0317, 平均用时: 4.60s
2025-09-09 18:44:22,102 - INFO - Episode 420/1000 - 策略: Actor网络, 平均奖励: 53.695, 平均步数: 356.0, 成功率: 0.000, 平均完成任务点: 0.90, 学习率: 0.000013, 噪声标准差: 0.0317, 平均用时: 5.05s
2025-09-09 18:44:33,488 - INFO - Episode 430/1000 - 策略: Actor网络, 平均奖励: -83.152, 平均步数: 84.2, 成功率: 0.000, 平均完成任务点: 0.10, 学习率: 0.000013, 噪声标准差: 0.0317, 平均用时: 1.14s
2025-09-09 18:44:41,312 - INFO - Episode 440/1000 - 策略: Actor网络, 平均奖励: -97.915, 平均步数: 50.0, 成功率: 0.000, 平均完成任务点: 0.00, 学习率: 0.000013, 噪声标准差: 0.0317, 平均用时: 0.78s
2025-09-09 18:44:47,806 - INFO - Episode 450/1000 - 策略: Actor网络, 平均奖励: -97.894, 平均步数: 47.3, 成功率: 0.000, 平均完成任务点: 0.00, 学习率: 0.000013, 噪声标准差: 0.0317, 平均用时: 0.65s
2025-09-09 18:44:54,796 - INFO - Episode 460/1000 - 策略: Actor网络, 平均奖励: -98.018, 平均步数: 45.3, 成功率: 0.000, 平均完成任务点: 0.00, 学习率: 0.000013, 噪声标准差: 0.0317, 平均用时: 0.70s
2025-09-09 18:45:14,876 - INFO - Episode 470/1000 - 策略: Actor网络, 平均奖励: -70.672, 平均步数: 126.9, 成功率: 0.000, 平均完成任务点: 0.20, 学习率: 0.000013, 噪声标准差: 0.0317, 平均用时: 2.01s
2025-09-09 18:46:25,203 - INFO - Episode 480/1000 - 策略: Actor网络, 平均奖励: 125.316, 平均步数: 441.4, 成功率: 0.000, 平均完成任务点: 1.10, 学习率: 0.000012, 噪声标准差: 0.0317, 平均用时: 7.03s
2025-09-09 18:47:14,260 - INFO - Episode 490/1000 - 策略: Actor网络, 平均奖励: 68.677, 平均步数: 310.4, 成功率: 0.000, 平均完成任务点: 1.20, 学习率: 0.000012, 噪声标准差: 0.0317, 平均用时: 4.91s
2025-09-09 18:47:41,018 - INFO - Episode 500/1000 - 策略: Actor网络, 平均奖励: -21.933, 平均步数: 170.4, 成功率: 0.000, 平均完成任务点: 0.70, 学习率: 0.000012, 噪声标准差: 0.0317, 平均用时: 2.68s
2025-09-09 18:47:57,830 - INFO - Episode 510/1000 - 策略: Actor网络, 平均奖励: -92.378, 平均步数: 107.5, 成功率: 0.000, 平均完成任务点: 0.00, 学习率: 0.000012, 噪声标准差: 0.0317, 平均用时: 1.68s
2025-09-09 18:48:09,397 - INFO - Episode 520/1000 - 策略: Actor网络, 平均奖励: -95.412, 平均步数: 73.7, 成功率: 0.000, 平均完成任务点: 0.00, 学习率: 0.000012, 噪声标准差: 0.0317, 平均用时: 1.16s
2025-09-09 18:48:24,952 - INFO - Episode 530/1000 - 策略: Actor网络, 平均奖励: -91.581, 平均步数: 99.1, 成功率: 0.000, 平均完成任务点: 0.00, 学习率: 0.000012, 噪声标准差: 0.0317, 平均用时: 1.56s
2025-09-09 18:48:50,679 - INFO - Episode 540/1000 - 策略: Actor网络, 平均奖励: -70.819, 平均步数: 162.8, 成功率: 0.000, 平均完成任务点: 0.00, 学习率: 0.000012, 噪声标准差: 0.0317, 平均用时: 2.57s
2025-09-09 18:49:21,779 - INFO - Episode 550/1000 - 策略: Actor网络, 平均奖励: -45.832, 平均步数: 197.4, 成功率: 0.000, 平均完成任务点: 0.30, 学习率: 0.000012, 噪声标准差: 0.0317, 平均用时: 3.11s
2025-09-09 18:50:22,486 - INFO - Episode 560/1000 - 策略: Actor网络, 平均奖励: 38.376, 平均步数: 380.2, 成功率: 0.000, 平均完成任务点: 0.20, 学习率: 0.000012, 噪声标准差: 0.0317, 平均用时: 6.07s
2025-09-09 18:51:45,593 - INFO - Episode 570/1000 - 策略: Actor网络, 平均奖励: 59.877, 平均步数: 500.0, 成功率: 0.000, 平均完成任务点: 0.30, 学习率: 0.000011, 噪声标准差: 0.0317, 平均用时: 8.31s
2025-09-09 18:52:29,043 - INFO - Episode 580/1000 - 策略: Actor网络, 平均奖励: -40.019, 平均步数: 261.2, 成功率: 0.000, 平均完成任务点: 0.30, 学习率: 0.000011, 噪声标准差: 0.0317, 平均用时: 4.35s
2025-09-09 18:53:04,627 - INFO - Episode 590/1000 - 策略: Actor网络, 平均奖励: -71.576, 平均步数: 213.6, 成功率: 0.000, 平均完成任务点: 0.20, 学习率: 0.000011, 噪声标准差: 0.0317, 平均用时: 3.56s
2025-09-09 18:53:53,756 - INFO - Episode 600/1000 - 策略: Actor网络, 平均奖励: -71.870, 平均步数: 294.1, 成功率: 0.000, 平均完成任务点: 0.20, 学习率: 0.000011, 噪声标准差: 0.0317, 平均用时: 4.91s
2025-09-09 18:54:37,201 - INFO - Episode 610/1000 - 策略: Actor网络, 平均奖励: -106.254, 平均步数: 260.2, 成功率: 0.000, 平均完成任务点: 0.00, 学习率: 0.000011, 噪声标准差: 0.0317, 平均用时: 4.34s
2025-09-09 18:55:03,709 - INFO - Episode 620/1000 - 策略: Actor网络, 平均奖励: -105.134, 平均步数: 158.9, 成功率: 0.000, 平均完成任务点: 0.00, 学习率: 0.000011, 噪声标准差: 0.0317, 平均用时: 2.65s
2025-09-09 18:55:17,245 - INFO - Episode 630/1000 - 策略: Actor网络, 平均奖励: -92.686, 平均步数: 81.4, 成功率: 0.000, 平均完成任务点: 0.00, 学习率: 0.000011, 噪声标准差: 0.0317, 平均用时: 1.35s
2025-09-09 18:56:31,700 - INFO - Episode 640/1000 - 策略: Actor网络, 平均奖励: -3.693, 平均步数: 444.9, 成功率: 0.000, 平均完成任务点: 0.10, 学习率: 0.000011, 噪声标准差: 0.0317, 平均用时: 7.45s
2025-09-09 18:57:25,232 - INFO - Episode 650/1000 - 策略: Actor网络, 平均奖励: -94.071, 平均步数: 320.0, 成功率: 0.000, 平均完成任务点: 0.00, 学习率: 0.000011, 噪声标准差: 0.0317, 平均用时: 5.35s
2025-09-09 18:58:35,133 - INFO - Episode 660/1000 - 策略: Actor网络, 平均奖励: -12.880, 平均步数: 415.2, 成功率: 0.000, 平均完成任务点: 0.40, 学习率: 0.000010, 噪声标准差: 0.0317, 平均用时: 6.99s
2025-09-09 18:59:57,860 - INFO - Episode 670/1000 - 策略: Actor网络, 平均奖励: 77.675, 平均步数: 500.0, 成功率: 0.000, 平均完成任务点: 0.60, 学习率: 0.000010, 噪声标准差: 0.0317, 平均用时: 8.27s
2025-09-09 19:01:07,342 - INFO - Episode 680/1000 - 策略: Actor网络, 平均奖励: 28.444, 平均步数: 433.5, 成功率: 0.000, 平均完成任务点: 0.50, 学习率: 0.000010, 噪声标准差: 0.0317, 平均用时: 6.95s
2025-09-09 19:02:13,685 - INFO - Episode 690/1000 - 策略: Actor网络, 平均奖励: 15.558, 平均步数: 415.8, 成功率: 0.000, 平均完成任务点: 0.60, 学习率: 0.000010, 噪声标准差: 0.0317, 平均用时: 6.63s
2025-09-09 19:03:09,342 - INFO - Episode 700/1000 - 策略: Actor网络, 平均奖励: -14.531, 平均步数: 346.1, 成功率: 0.000, 平均完成任务点: 0.30, 学习率: 0.000010, 噪声标准差: 0.0317, 平均用时: 5.57s
2025-09-09 19:03:49,189 - INFO - Episode 710/1000 - 策略: Actor网络, 平均奖励: -38.774, 平均步数: 252.5, 成功率: 0.000, 平均完成任务点: 0.10, 学习率: 0.000010, 噪声标准差: 0.0317, 平均用时: 3.98s
2025-09-09 19:04:30,016 - INFO - Episode 720/1000 - 策略: Actor网络, 平均奖励: -11.480, 平均步数: 258.9, 成功率: 0.000, 平均完成任务点: 0.40, 学习率: 0.000010, 噪声标准差: 0.0317, 平均用时: 4.08s
2025-09-09 19:05:13,492 - INFO - Episode 730/1000 - 策略: Actor网络, 平均奖励: -16.751, 平均步数: 271.3, 成功率: 0.000, 平均完成任务点: 0.30, 学习率: 0.000010, 噪声标准差: 0.0317, 平均用时: 4.35s
2025-09-09 19:06:00,496 - INFO - Episode 740/1000 - 策略: Actor网络, 平均奖励: 33.593, 平均步数: 294.1, 成功率: 0.000, 平均完成任务点: 0.70, 学习率: 0.000010, 噪声标准差: 0.0317, 平均用时: 4.70s
2025-09-09 19:06:00,500 - INFO - 定期模型已保存到 log/train_2025-09-09-18-37/periodic_saves/episode_740 - 定期保存（500轮间隔）
2025-09-09 19:06:32,689 - INFO - Episode 750/1000 - 策略: Actor网络, 平均奖励: -21.345, 平均步数: 197.4, 成功率: 0.000, 平均完成任务点: 0.60, 学习率: 0.000010, 噪声标准差: 0.0317, 平均用时: 3.22s
2025-09-09 19:06:51,692 - INFO - Episode 760/1000 - 策略: Actor网络, 平均奖励: -41.401, 平均步数: 120.4, 成功率: 0.000, 平均完成任务点: 0.40, 学习率: 0.000009, 噪声标准差: 0.0317, 平均用时: 1.90s
2025-09-09 19:07:04,475 - INFO - Episode 770/1000 - 策略: Actor网络, 平均奖励: -92.713, 平均步数: 82.0, 成功率: 0.000, 平均完成任务点: 0.00, 学习率: 0.000009, 噪声标准差: 0.0317, 平均用时: 1.28s
2025-09-09 19:08:23,735 - INFO - Episode 780/1000 - 策略: Actor网络, 平均奖励: 75.790, 平均步数: 500.0, 成功率: 0.000, 平均完成任务点: 0.40, 学习率: 0.000009, 噪声标准差: 0.0317, 平均用时: 7.93s
2025-09-09 19:09:44,017 - INFO - Episode 790/1000 - 策略: Actor网络, 平均奖励: 59.022, 平均步数: 500.0, 成功率: 0.000, 平均完成任务点: 0.20, 学习率: 0.000009, 噪声标准差: 0.0317, 平均用时: 8.03s
2025-09-09 19:11:03,709 - INFO - Episode 800/1000 - 策略: Actor网络, 平均奖励: 60.294, 平均步数: 500.0, 成功率: 0.000, 平均完成任务点: 0.30, 学习率: 0.000009, 噪声标准差: 0.0317, 平均用时: 7.97s
2025-09-09 19:12:02,426 - INFO - Episode 810/1000 - 策略: Actor网络, 平均奖励: -0.993, 平均步数: 372.8, 成功率: 0.000, 平均完成任务点: 0.30, 学习率: 0.000009, 噪声标准差: 0.0317, 平均用时: 5.87s
2025-09-09 19:12:56,549 - INFO - Episode 820/1000 - 策略: Actor网络, 平均奖励: 16.295, 平均步数: 340.9, 成功率: 0.000, 平均完成任务点: 0.50, 学习率: 0.000009, 噪声标准差: 0.0317, 平均用时: 5.41s
2025-09-09 19:14:02,709 - INFO - Episode 830/1000 - 策略: Actor网络, 平均奖励: 50.099, 平均步数: 412.1, 成功率: 0.000, 平均完成任务点: 0.60, 学习率: 0.000009, 噪声标准差: 0.0317, 平均用时: 6.62s
2025-09-09 19:15:22,935 - INFO - Episode 840/1000 - 策略: Actor网络, 平均奖励: 91.962, 平均步数: 500.0, 成功率: 0.000, 平均完成任务点: 0.70, 学习率: 0.000009, 噪声标准差: 0.0317, 平均用时: 8.02s
2025-09-09 19:16:36,766 - INFO - Episode 850/1000 - 策略: Actor网络, 平均奖励: 80.207, 平均步数: 458.6, 成功率: 0.000, 平均完成任务点: 0.70, 学习率: 0.000009, 噪声标准差: 0.0317, 平均用时: 7.38s
2025-09-09 19:17:22,768 - INFO - Episode 860/1000 - 策略: Actor网络, 平均奖励: 0.399, 平均步数: 291.9, 成功率: 0.000, 平均完成任务点: 0.50, 学习率: 0.000009, 噪声标准差: 0.0317, 平均用时: 4.60s
2025-09-09 19:18:40,612 - INFO - Episode 870/1000 - 策略: Actor网络, 平均奖励: 98.586, 平均步数: 500.0, 成功率: 0.000, 平均完成任务点: 0.50, 学习率: 0.000008, 噪声标准差: 0.0317, 平均用时: 7.78s
2025-09-09 19:19:59,720 - INFO - Episode 880/1000 - 策略: Actor网络, 平均奖励: 96.270, 平均步数: 500.0, 成功率: 0.000, 平均完成任务点: 0.30, 学习率: 0.000008, 噪声标准差: 0.0317, 平均用时: 7.91s
2025-09-09 19:21:03,961 - INFO - Episode 890/1000 - 策略: Actor网络, 平均奖励: 33.338, 平均步数: 400.2, 成功率: 0.000, 平均完成任务点: 0.20, 学习率: 0.000008, 噪声标准差: 0.0317, 平均用时: 6.42s
2025-09-09 19:21:41,509 - INFO - Episode 900/1000 - 策略: Actor网络, 平均奖励: 25.934, 平均步数: 236.0, 成功率: 0.000, 平均完成任务点: 0.70, 学习率: 0.000008, 噪声标准差: 0.0317, 平均用时: 3.75s
2025-09-09 19:22:19,980 - INFO - Episode 910/1000 - 策略: Actor网络, 平均奖励: -15.467, 平均步数: 240.1, 成功率: 0.000, 平均完成任务点: 0.30, 学习率: 0.000008, 噪声标准差: 0.0317, 平均用时: 3.85s
2025-09-09 19:23:17,783 - INFO - Episode 920/1000 - 策略: Actor网络, 平均奖励: 33.474, 平均步数: 356.7, 成功率: 0.000, 平均完成任务点: 0.40, 学习率: 0.000008, 噪声标准差: 0.0317, 平均用时: 5.78s
2025-09-09 19:24:37,369 - INFO - Episode 930/1000 - 策略: Actor网络, 平均奖励: 29.866, 平均步数: 500.0, 成功率: 0.000, 平均完成任务点: 0.10, 学习率: 0.000008, 噪声标准差: 0.0317, 平均用时: 7.96s
2025-09-09 19:25:56,031 - INFO - Episode 940/1000 - 策略: Actor网络, 平均奖励: 20.789, 平均步数: 487.2, 成功率: 0.000, 平均完成任务点: 0.10, 学习率: 0.000008, 噪声标准差: 0.0317, 平均用时: 7.87s
2025-09-09 19:27:15,763 - INFO - Episode 950/1000 - 策略: Actor网络, 平均奖励: 101.999, 平均步数: 500.0, 成功率: 0.000, 平均完成任务点: 1.00, 学习率: 0.000008, 噪声标准差: 0.0317, 平均用时: 7.97s
2025-09-09 19:28:35,222 - INFO - Episode 960/1000 - 策略: Actor网络, 平均奖励: 95.637, 平均步数: 500.0, 成功率: 0.000, 平均完成任务点: 1.00, 学习率: 0.000008, 噪声标准差: 0.0317, 平均用时: 7.95s
2025-09-09 19:29:55,107 - INFO - Episode 970/1000 - 策略: Actor网络, 平均奖励: 94.344, 平均步数: 500.0, 成功率: 0.000, 平均完成任务点: 1.00, 学习率: 0.000008, 噪声标准差: 0.0317, 平均用时: 7.99s
2025-09-09 19:31:15,160 - INFO - Episode 980/1000 - 策略: Actor网络, 平均奖励: 70.181, 平均步数: 500.0, 成功率: 0.000, 平均完成任务点: 0.30, 学习率: 0.000008, 噪声标准差: 0.0317, 平均用时: 8.01s
2025-09-09 19:32:06,838 - INFO - Episode 990/1000 - 策略: Actor网络, 平均奖励: -28.720, 平均步数: 321.7, 成功率: 0.000, 平均完成任务点: 0.00, 学习率: 0.000007, 噪声标准差: 0.0317, 平均用时: 5.17s
2025-09-09 19:33:06,856 - INFO - Episode 1000/1000 - 策略: Actor网络, 平均奖励: -15.456, 平均步数: 375.4, 成功率: 0.000, 平均完成任务点: 0.00, 学习率: 0.000007, 噪声标准差: 0.0317, 平均用时: 6.00s
2025-09-09 19:33:06,856 - INFO - 训练完成！总用时: 3335.45s
2025-09-09 19:33:06,861 - INFO - 最终模型已保存到 log/train_2025-09-09-18-37/final_model
2025-09-09 19:33:06,861 - INFO - === 最终训练统计 ===
2025-09-09 19:33:06,861 - INFO - 最后10轮平均奖励: -15.456
2025-09-09 19:33:06,861 - INFO - 最后10轮平均步数: 375.4
2025-09-09 19:33:06,861 - INFO - 最后10轮成功率: 0.000
2025-09-09 19:33:06,861 - INFO - 最后10轮平均完成任务点: 0.00
2025-09-09 19:33:06,861 - INFO - 最终学习率: 0.000007
2025-09-09 19:33:06,861 - INFO - 最终噪声标准差: 0.0317
2025-09-09 19:33:06,861 - INFO - 历史最佳平均完成任务数: 1.200
2025-09-09 19:33:06,861 - INFO - 总训练轮数: 1000
2025-09-09 19:33:06,861 - INFO - 最近轮次最高奖励: 41.625
2025-09-09 19:33:06,861 - INFO - 最近轮次最低奖励: -91.100
2025-09-09 19:33:06,861 - INFO - 最近轮次最多完成任务点: 0
2025-09-09 19:33:06,861 - INFO - 最近轮次最少完成任务点: 0
2025-09-09 19:33:06,861 - INFO - 训练结束！
