2025-09-09 16:34:22,960 - INFO - 开始训练 MADDPG...
2025-09-09 16:34:22,960 - INFO - 日志目录: log/train_2025-09-09-16-34
2025-09-09 16:34:22,960 - INFO - 配置文件已保存到: log/train_2025-09-09-16-34/config.json
2025-09-09 16:34:22,960 - INFO - 配置参数: {'map': {'kMaxX': 5.0, 'kMaxY': 5.0, 'kMinX': -5.0, 'kMinY': -5.0, 'kMaxObsR': 1.0, 'kMinObsR': 0.3, 'kNumAgents': 2, 'kNumGoals': 5, 'kNumObstacles': 3, 'kTimeStep': 0.1}, 'agent': {'kAgentRadius': 0.2, 'kMaxSpeed': 1.0, 'kMaxAngularSpeed': 1.0, 'kNumRadars': 32, 'kMaxRadarDist': 3.0}, 'goal': {'kGoalThreshold': 0.3}, 'reward': {'kTimeReward': -0.1, 'kCollisionReward': -100.0, 'kGoalReward': 100.0, 'kDistanceReward': 0.1, 'kAgentSeparationReward': 0.1, 'kMinAgentDistance': 1.0, 'kMinGoalDistance': 0.1}, 'training': {'max_episodes': 1000, 'max_steps_per_episode': 500, 'buffer_size': 100000, 'batch_size': 256, 'learning_rate': 0.0001, 'lr_decay': 0.99, 'min_learning_rate': 0.0001, 'gamma': 0.95, 'tau': 0.01, 'noise_std': 0.1, 'noise_decay': 0.995, 'min_noise_std': 0.01, 'smart_noise_control': True, 'save_interval': 500, 'log_interval': 10, 'device': 'cuda'}}
2025-09-09 16:34:22,986 - INFO - 使用设备: cuda
2025-09-09 16:34:22,992 - INFO - 环境创建成功 - Agent数量: 2, 目标数量: 5, 障碍物数量: 3
2025-09-09 16:34:22,993 - INFO - 状态维度 - Agent状态: 3, 观测维度: 32, 动作维度: 2
2025-09-09 16:34:22,993 - INFO - 全局状态维度: 30, 最大动作: [1. 1.]
2025-09-09 16:34:24,266 - INFO - 智能体团队创建成功
2025-09-09 16:34:24,266 - INFO - 经验回放缓冲区创建成功
2025-09-09 16:34:24,267 - INFO - 保存初始环境状态图...
2025-09-09 16:34:24,960 - INFO - 初始环境状态图已保存到: images/initial_environment_state.png
2025-09-09 16:34:24,960 - INFO - 开始训练循环...
2025-09-09 16:34:24,960 - INFO - 前200轮将使用纯随机游走策略，不执行actor网络和学习
2025-09-09 16:35:06,640 - INFO - Episode 10/1000 - 策略: 随机游走, 平均奖励: -70.737, 平均步数: 292.9, 成功率: 0.000, 平均完成任务点: 0.00, 学习率: 0.000100, 噪声标准差: 0.0951, 平均用时: 4.17s
2025-09-09 16:35:24,692 - INFO - Episode 20/1000 - 策略: 随机游走, 平均奖励: -102.408, 平均步数: 118.8, 成功率: 0.000, 平均完成任务点: 0.00, 学习率: 0.000100, 噪声标准差: 0.0905, 平均用时: 1.81s
2025-09-09 16:36:03,154 - INFO - Episode 30/1000 - 策略: 随机游走, 平均奖励: -95.610, 平均步数: 253.8, 成功率: 0.000, 平均完成任务点: 0.00, 学习率: 0.000100, 噪声标准差: 0.0860, 平均用时: 3.85s
2025-09-09 16:36:58,366 - INFO - Episode 40/1000 - 策略: 随机游走, 平均奖励: -65.387, 平均步数: 376.4, 成功率: 0.000, 平均完成任务点: 0.00, 学习率: 0.000100, 噪声标准差: 0.0818, 平均用时: 5.52s
2025-09-09 16:37:55,752 - INFO - Episode 50/1000 - 策略: 随机游走, 平均奖励: -85.564, 平均步数: 372.8, 成功率: 0.000, 平均完成任务点: 0.00, 学习率: 0.000100, 噪声标准差: 0.0778, 平均用时: 5.74s
2025-09-09 16:38:20,637 - INFO - Episode 60/1000 - 策略: 随机游走, 平均奖励: -93.175, 平均步数: 174.1, 成功率: 0.000, 平均完成任务点: 0.00, 学习率: 0.000100, 噪声标准差: 0.0740, 平均用时: 2.49s
2025-09-09 16:39:21,387 - INFO - Episode 70/1000 - 策略: 随机游走, 平均奖励: -76.388, 平均步数: 326.7, 成功率: 0.000, 平均完成任务点: 0.00, 学习率: 0.000100, 噪声标准差: 0.0704, 平均用时: 6.08s
