2025-09-09 16:53:05,156 - INFO - 开始训练 MADDPG...
2025-09-09 16:53:05,157 - INFO - 日志目录: log/train_2025-09-09-16-53
2025-09-09 16:53:05,157 - INFO - 配置文件已保存到: log/train_2025-09-09-16-53/config.json
2025-09-09 16:53:05,157 - INFO - 配置参数: {'map': {'kMaxX': 5.0, 'kMaxY': 5.0, 'kMinX': -5.0, 'kMinY': -5.0, 'kMaxObsR': 1.0, 'kMinObsR': 0.3, 'kNumAgents': 2, 'kNumGoals': 5, 'kNumObstacles': 3, 'kTimeStep': 0.1}, 'agent': {'kAgentRadius': 0.2, 'kMaxSpeed': 1.0, 'kMaxAngularSpeed': 1.0, 'kNumRadars': 32, 'kMaxRadarDist': 3.0}, 'goal': {'kGoalThreshold': 0.3}, 'reward': {'kTimeReward': -0.1, 'kCollisionReward': -100.0, 'kGoalReward': 100.0, 'kDistanceReward': 0.1, 'kAgentSeparationReward': 0.1, 'kMinAgentDistance': 1.0, 'kMinGoalDistance': 0.1}, 'training': {'max_episodes': 1000, 'max_steps_per_episode': 500, 'buffer_size': 100000, 'batch_size': 256, 'learning_rate': 0.0001, 'lr_decay': 0.99, 'min_learning_rate': 0.0001, 'gamma': 0.95, 'tau': 0.01, 'noise_std': 0.1, 'noise_decay': 0.995, 'min_noise_std': 0.01, 'smart_noise_control': True, 'random_exploration_episodes': 20, 'save_interval': 500, 'log_interval': 10, 'device': 'cuda'}}
2025-09-09 16:53:05,194 - INFO - 使用设备: cuda
2025-09-09 16:53:05,201 - INFO - 环境创建成功 - Agent数量: 2, 目标数量: 5, 障碍物数量: 3
2025-09-09 16:53:05,201 - INFO - 状态维度 - Agent状态: 3, 观测维度: 32, 动作维度: 2
2025-09-09 16:53:05,201 - INFO - 全局状态维度: 30, 最大动作: [1. 1.]
2025-09-09 16:53:06,510 - INFO - 智能体团队创建成功
2025-09-09 16:53:06,511 - INFO - 经验回放缓冲区创建成功
2025-09-09 16:53:06,511 - INFO - 保存初始环境状态图...
2025-09-09 16:53:07,208 - INFO - 初始环境状态图已保存到: images/initial_environment_state.png
2025-09-09 16:53:07,208 - INFO - 开始训练循环...
2025-09-09 16:53:07,208 - INFO - 前20轮将使用纯随机游走策略，不执行actor网络和学习
2025-09-09 16:53:48,226 - INFO - Episode 10/1000 - 策略: 随机游走, 平均奖励: -70.737, 平均步数: 292.9, 成功率: 0.000, 平均完成任务点: 0.00, 学习率: 0.000100, 噪声标准差: 0.0951, 平均用时: 4.10s
2025-09-09 16:54:05,917 - INFO - Episode 20/1000 - 策略: 随机游走, 平均奖励: -102.408, 平均步数: 118.8, 成功率: 0.000, 平均完成任务点: 0.00, 学习率: 0.000100, 噪声标准差: 0.0905, 平均用时: 1.77s
2025-09-09 16:54:05,918 - INFO - ============================================================
2025-09-09 16:54:05,918 - INFO - 切换训练策略：从随机游走切换到Actor网络策略
2025-09-09 16:54:05,918 - INFO - 开始执行Actor网络和网络学习
2025-09-09 16:54:05,918 - INFO - ============================================================
2025-09-09 16:54:11,310 - INFO - Episode 30/1000 - 策略: Actor网络, 平均奖励: -99.702, 平均步数: 29.6, 成功率: 0.000, 平均完成任务点: 0.00, 学习率: 0.000100, 噪声标准差: 0.0860, 平均用时: 0.54s
2025-09-09 16:54:16,540 - INFO - Episode 40/1000 - 策略: Actor网络, 平均奖励: -99.718, 平均步数: 29.1, 成功率: 0.000, 平均完成任务点: 0.00, 学习率: 0.000100, 噪声标准差: 0.0818, 平均用时: 0.52s
2025-09-09 16:54:19,413 - INFO - Episode 50/1000 - 策略: Actor网络, 平均奖励: -100.353, 平均步数: 15.8, 成功率: 0.000, 平均完成任务点: 0.00, 学习率: 0.000100, 噪声标准差: 0.0778, 平均用时: 0.29s
2025-09-09 16:54:21,526 - INFO - Episode 60/1000 - 策略: Actor网络, 平均奖励: -100.343, 平均步数: 11.3, 成功率: 0.000, 平均完成任务点: 0.00, 学习率: 0.000100, 噪声标准差: 0.0740, 平均用时: 0.21s
2025-09-09 16:54:23,633 - INFO - Episode 70/1000 - 策略: Actor网络, 平均奖励: -100.342, 平均步数: 11.3, 成功率: 0.000, 平均完成任务点: 0.00, 学习率: 0.000100, 噪声标准差: 0.0704, 平均用时: 0.21s
2025-09-09 16:54:25,752 - INFO - Episode 80/1000 - 策略: Actor网络, 平均奖励: -100.344, 平均步数: 11.4, 成功率: 0.000, 平均完成任务点: 0.00, 学习率: 0.000100, 噪声标准差: 0.0670, 平均用时: 0.21s
2025-09-09 16:54:27,870 - INFO - Episode 90/1000 - 策略: Actor网络, 平均奖励: -100.340, 平均步数: 11.2, 成功率: 0.000, 平均完成任务点: 0.00, 学习率: 0.000100, 噪声标准差: 0.0637, 平均用时: 0.21s
2025-09-09 16:54:30,753 - INFO - Episode 100/1000 - 策略: Actor网络, 平均奖励: -99.978, 平均步数: 15.7, 成功率: 0.000, 平均完成任务点: 0.00, 学习率: 0.000100, 噪声标准差: 0.0606, 平均用时: 0.29s
2025-09-09 16:54:33,728 - INFO - Episode 110/1000 - 策略: Actor网络, 平均奖励: -99.870, 平均步数: 16.0, 成功率: 0.000, 平均完成任务点: 0.00, 学习率: 0.000100, 噪声标准差: 0.0576, 平均用时: 0.30s
2025-09-09 16:54:36,692 - INFO - Episode 120/1000 - 策略: Actor网络, 平均奖励: -99.865, 平均步数: 16.0, 成功率: 0.000, 平均完成任务点: 0.00, 学习率: 0.000100, 噪声标准差: 0.0548, 平均用时: 0.30s
2025-09-09 16:54:39,607 - INFO - Episode 130/1000 - 策略: Actor网络, 平均奖励: -100.271, 平均步数: 16.0, 成功率: 0.000, 平均完成任务点: 0.00, 学习率: 0.000100, 噪声标准差: 0.0521, 平均用时: 0.29s
2025-09-09 16:54:42,585 - INFO - Episode 140/1000 - 策略: Actor网络, 平均奖励: -100.281, 平均步数: 16.0, 成功率: 0.000, 平均完成任务点: 0.00, 学习率: 0.000100, 噪声标准差: 0.0496, 平均用时: 0.30s
2025-09-09 16:54:45,366 - INFO - Episode 150/1000 - 策略: Actor网络, 平均奖励: -100.286, 平均步数: 16.0, 成功率: 0.000, 平均完成任务点: 0.00, 学习率: 0.000100, 噪声标准差: 0.0471, 平均用时: 0.28s
2025-09-09 16:54:48,014 - INFO - Episode 160/1000 - 策略: Actor网络, 平均奖励: -100.316, 平均步数: 16.0, 成功率: 0.000, 平均完成任务点: 0.00, 学习率: 0.000100, 噪声标准差: 0.0448, 平均用时: 0.26s
2025-09-09 16:54:50,711 - INFO - Episode 170/1000 - 策略: Actor网络, 平均奖励: -100.343, 平均步数: 16.4, 成功率: 0.000, 平均完成任务点: 0.00, 学习率: 0.000100, 噪声标准差: 0.0427, 平均用时: 0.27s
2025-09-09 16:54:52,411 - INFO - Episode 180/1000 - 策略: Actor网络, 平均奖励: -100.262, 平均步数: 10.0, 成功率: 0.000, 平均完成任务点: 0.00, 学习率: 0.000100, 噪声标准差: 0.0406, 平均用时: 0.17s
2025-09-09 16:54:54,077 - INFO - Episode 190/1000 - 策略: Actor网络, 平均奖励: -100.227, 平均步数: 9.6, 成功率: 0.000, 平均完成任务点: 0.00, 学习率: 0.000100, 噪声标准差: 0.0386, 平均用时: 0.17s
2025-09-09 16:54:55,423 - INFO - Episode 200/1000 - 策略: Actor网络, 平均奖励: -100.214, 平均步数: 8.0, 成功率: 0.000, 平均完成任务点: 0.00, 学习率: 0.000100, 噪声标准差: 0.0367, 平均用时: 0.13s
2025-09-09 16:54:56,778 - INFO - Episode 210/1000 - 策略: Actor网络, 平均奖励: -120.225, 平均步数: 8.0, 成功率: 0.000, 平均完成任务点: 0.00, 学习率: 0.000100, 噪声标准差: 0.0349, 平均用时: 0.14s
2025-09-09 16:54:58,167 - INFO - Episode 220/1000 - 策略: Actor网络, 平均奖励: -200.270, 平均步数: 8.0, 成功率: 0.000, 平均完成任务点: 0.00, 学习率: 0.000100, 噪声标准差: 0.0332, 平均用时: 0.14s
2025-09-09 16:54:59,610 - INFO - Episode 230/1000 - 策略: Actor网络, 平均奖励: -200.270, 平均步数: 8.0, 成功率: 0.000, 平均完成任务点: 0.00, 学习率: 0.000100, 噪声标准差: 0.0316, 平均用时: 0.14s
2025-09-09 16:55:01,137 - INFO - Episode 240/1000 - 策略: Actor网络, 平均奖励: -200.270, 平均步数: 8.0, 成功率: 0.000, 平均完成任务点: 0.00, 学习率: 0.000100, 噪声标准差: 0.0300, 平均用时: 0.15s
2025-09-09 16:55:02,659 - INFO - Episode 250/1000 - 策略: Actor网络, 平均奖励: -200.269, 平均步数: 8.0, 成功率: 0.000, 平均完成任务点: 0.00, 学习率: 0.000100, 噪声标准差: 0.0286, 平均用时: 0.15s
2025-09-09 16:55:04,088 - INFO - Episode 260/1000 - 策略: Actor网络, 平均奖励: -200.269, 平均步数: 8.0, 成功率: 0.000, 平均完成任务点: 0.00, 学习率: 0.000100, 噪声标准差: 0.0272, 平均用时: 0.14s
2025-09-09 16:55:05,469 - INFO - Episode 270/1000 - 策略: Actor网络, 平均奖励: -110.258, 平均步数: 8.0, 成功率: 0.000, 平均完成任务点: 0.00, 学习率: 0.000100, 噪声标准差: 0.0258, 平均用时: 0.14s
2025-09-09 16:55:06,861 - INFO - Episode 280/1000 - 策略: Actor网络, 平均奖励: -100.257, 平均步数: 8.0, 成功率: 0.000, 平均完成任务点: 0.00, 学习率: 0.000100, 噪声标准差: 0.0246, 平均用时: 0.14s
2025-09-09 16:55:08,239 - INFO - Episode 290/1000 - 策略: Actor网络, 平均奖励: -100.260, 平均步数: 8.0, 成功率: 0.000, 平均完成任务点: 0.00, 学习率: 0.000100, 噪声标准差: 0.0234, 平均用时: 0.14s
2025-09-09 16:55:09,612 - INFO - Episode 300/1000 - 策略: Actor网络, 平均奖励: -100.261, 平均步数: 8.0, 成功率: 0.000, 平均完成任务点: 0.00, 学习率: 0.000100, 噪声标准差: 0.0222, 平均用时: 0.14s
2025-09-09 16:55:15,096 - INFO - Episode 310/1000 - 策略: Actor网络, 平均奖励: -100.164, 平均步数: 33.3, 成功率: 0.000, 平均完成任务点: 0.00, 学习率: 0.000100, 噪声标准差: 0.0211, 平均用时: 0.55s
2025-09-09 16:55:24,868 - INFO - Episode 320/1000 - 策略: Actor网络, 平均奖励: -100.110, 平均步数: 60.1, 成功率: 0.000, 平均完成任务点: 0.00, 学习率: 0.000100, 噪声标准差: 0.0201, 平均用时: 0.98s
2025-09-09 16:55:35,609 - INFO - Episode 330/1000 - 策略: Actor网络, 平均奖励: -100.604, 平均步数: 65.2, 成功率: 0.000, 平均完成任务点: 0.00, 学习率: 0.000100, 噪声标准差: 0.0191, 平均用时: 1.07s
2025-09-09 16:55:57,551 - INFO - Episode 340/1000 - 策略: Actor网络, 平均奖励: -92.104, 平均步数: 121.1, 成功率: 0.000, 平均完成任务点: 0.00, 学习率: 0.000100, 噪声标准差: 0.0182, 平均用时: 2.19s
2025-09-09 16:56:48,083 - INFO - Episode 350/1000 - 策略: Actor网络, 平均奖励: -72.611, 平均步数: 278.7, 成功率: 0.000, 平均完成任务点: 0.00, 学习率: 0.000100, 噪声标准差: 0.0173, 平均用时: 5.05s
2025-09-09 16:58:10,017 - INFO - Episode 360/1000 - 策略: Actor网络, 平均奖励: -3.413, 平均步数: 500.0, 成功率: 0.000, 平均完成任务点: 0.00, 学习率: 0.000100, 噪声标准差: 0.0165, 平均用时: 8.19s
2025-09-09 16:58:34,890 - INFO - Episode 370/1000 - 策略: Actor网络, 平均奖励: -90.500, 平均步数: 146.9, 成功率: 0.000, 平均完成任务点: 0.00, 学习率: 0.000100, 噪声标准差: 0.0157, 平均用时: 2.49s
2025-09-09 16:58:39,520 - INFO - Episode 380/1000 - 策略: Actor网络, 平均奖励: -100.230, 平均步数: 29.3, 成功率: 0.000, 平均完成任务点: 0.00, 学习率: 0.000100, 噪声标准差: 0.0149, 平均用时: 0.46s
2025-09-09 16:59:16,612 - INFO - Episode 390/1000 - 策略: Actor网络, 平均奖励: -70.999, 平均步数: 231.6, 成功率: 0.000, 平均完成任务点: 0.00, 学习率: 0.000100, 噪声标准差: 0.0142, 平均用时: 3.71s
2025-09-09 17:00:17,663 - INFO - Episode 400/1000 - 策略: Actor网络, 平均奖励: -43.379, 平均步数: 392.5, 成功率: 0.000, 平均完成任务点: 0.00, 学习率: 0.000100, 噪声标准差: 0.0135, 平均用时: 6.11s
2025-09-09 17:00:54,867 - INFO - Episode 410/1000 - 策略: Actor网络, 平均奖励: -80.140, 平均步数: 238.0, 成功率: 0.000, 平均完成任务点: 0.00, 学习率: 0.000100, 噪声标准差: 0.0128, 平均用时: 3.72s
2025-09-09 17:01:02,639 - INFO - Episode 420/1000 - 策略: Actor网络, 平均奖励: -99.855, 平均步数: 50.9, 成功率: 0.000, 平均完成任务点: 0.00, 学习率: 0.000100, 噪声标准差: 0.0122, 平均用时: 0.78s
2025-09-09 17:01:10,131 - INFO - Episode 430/1000 - 策略: Actor网络, 平均奖励: -99.755, 平均步数: 48.8, 成功率: 0.000, 平均完成任务点: 0.00, 学习率: 0.000100, 噪声标准差: 0.0116, 平均用时: 0.75s
2025-09-09 17:01:15,860 - INFO - Episode 440/1000 - 策略: Actor网络, 平均奖励: -100.107, 平均步数: 37.2, 成功率: 0.000, 平均完成任务点: 0.00, 学习率: 0.000100, 噪声标准差: 0.0110, 平均用时: 0.57s
2025-09-09 17:01:22,246 - INFO - Episode 450/1000 - 策略: Actor网络, 平均奖励: -100.045, 平均步数: 38.3, 成功率: 0.000, 平均完成任务点: 0.00, 学习率: 0.000100, 噪声标准差: 0.0105, 平均用时: 0.64s
2025-09-09 17:01:28,890 - INFO - Episode 460/1000 - 策略: Actor网络, 平均奖励: -99.970, 平均步数: 42.5, 成功率: 0.000, 平均完成任务点: 0.00, 学习率: 0.000100, 噪声标准差: 0.0100, 平均用时: 0.66s
2025-09-09 17:01:35,915 - INFO - Episode 470/1000 - 策略: Actor网络, 平均奖励: -99.656, 平均步数: 45.0, 成功率: 0.000, 平均完成任务点: 0.00, 学习率: 0.000100, 噪声标准差: 0.0100, 平均用时: 0.70s
2025-09-09 17:01:44,156 - INFO - Episode 480/1000 - 策略: Actor网络, 平均奖励: -99.492, 平均步数: 53.2, 成功率: 0.000, 平均完成任务点: 0.00, 学习率: 0.000100, 噪声标准差: 0.0100, 平均用时: 0.82s
2025-09-09 17:02:04,944 - INFO - Episode 490/1000 - 策略: Actor网络, 平均奖励: -98.739, 平均步数: 124.6, 成功率: 0.000, 平均完成任务点: 0.00, 学习率: 0.000100, 噪声标准差: 0.0100, 平均用时: 2.08s
2025-09-09 17:03:22,662 - INFO - Episode 500/1000 - 策略: Actor网络, 平均奖励: -51.024, 平均步数: 430.0, 成功率: 0.000, 平均完成任务点: 0.00, 学习率: 0.000100, 噪声标准差: 0.0100, 平均用时: 7.77s
2025-09-09 17:03:22,669 - INFO - 模型已保存到 models/episode_500_sr_0.000 - 定期保存（500轮间隔）
2025-09-09 17:04:33,397 - INFO - Episode 510/1000 - 策略: Actor网络, 平均奖励: -36.346, 平均步数: 407.0, 成功率: 0.000, 平均完成任务点: 0.00, 学习率: 0.000100, 噪声标准差: 0.0100, 平均用时: 7.07s
2025-09-09 17:05:52,011 - INFO - Episode 520/1000 - 策略: Actor网络, 平均奖励: -28.290, 平均步数: 455.9, 成功率: 0.000, 平均完成任务点: 0.00, 学习率: 0.000100, 噪声标准差: 0.0100, 平均用时: 7.86s
2025-09-09 17:07:13,227 - INFO - Episode 530/1000 - 策略: Actor网络, 平均奖励: -16.010, 平均步数: 453.2, 成功率: 0.000, 平均完成任务点: 0.00, 学习率: 0.000100, 噪声标准差: 0.0100, 平均用时: 8.12s
2025-09-09 17:08:17,003 - INFO - Episode 540/1000 - 策略: Actor网络, 平均奖励: -52.279, 平均步数: 356.4, 成功率: 0.000, 平均完成任务点: 0.00, 学习率: 0.000100, 噪声标准差: 0.0100, 平均用时: 6.38s
2025-09-09 17:09:15,558 - INFO - Episode 550/1000 - 策略: Actor网络, 平均奖励: -71.858, 平均步数: 325.9, 成功率: 0.000, 平均完成任务点: 0.00, 学习率: 0.000100, 噪声标准差: 0.0100, 平均用时: 5.86s
2025-09-09 17:10:01,546 - INFO - Episode 560/1000 - 策略: Actor网络, 平均奖励: -88.156, 平均步数: 253.7, 成功率: 0.000, 平均完成任务点: 0.00, 学习率: 0.000100, 噪声标准差: 0.0100, 平均用时: 4.60s
2025-09-09 17:10:20,230 - INFO - Episode 570/1000 - 策略: Actor网络, 平均奖励: -98.836, 平均步数: 102.0, 成功率: 0.000, 平均完成任务点: 0.00, 学习率: 0.000100, 噪声标准差: 0.0100, 平均用时: 1.87s
2025-09-09 17:11:09,789 - INFO - Episode 580/1000 - 策略: Actor网络, 平均奖励: -57.575, 平均步数: 274.3, 成功率: 0.000, 平均完成任务点: 0.00, 学习率: 0.000100, 噪声标准差: 0.0100, 平均用时: 4.96s
2025-09-09 17:12:38,430 - INFO - Episode 590/1000 - 策略: Actor网络, 平均奖励: -11.521, 平均步数: 488.2, 成功率: 0.000, 平均完成任务点: 0.00, 学习率: 0.000100, 噪声标准差: 0.0100, 平均用时: 8.86s
2025-09-09 17:14:08,032 - INFO - Episode 600/1000 - 策略: Actor网络, 平均奖励: -7.765, 平均步数: 500.0, 成功率: 0.000, 平均完成任务点: 0.00, 学习率: 0.000100, 噪声标准差: 0.0100, 平均用时: 8.96s
2025-09-09 17:15:37,462 - INFO - Episode 610/1000 - 策略: Actor网络, 平均奖励: -9.800, 平均步数: 500.0, 成功率: 0.000, 平均完成任务点: 0.00, 学习率: 0.000100, 噪声标准差: 0.0100, 平均用时: 8.94s
2025-09-09 17:15:56,237 - INFO - Episode 620/1000 - 策略: Actor网络, 平均奖励: -92.226, 平均步数: 103.8, 成功率: 0.000, 平均完成任务点: 0.00, 学习率: 0.000100, 噪声标准差: 0.0100, 平均用时: 1.88s
2025-09-09 17:15:58,638 - INFO - Episode 630/1000 - 策略: Actor网络, 平均奖励: -100.304, 平均步数: 12.4, 成功率: 0.000, 平均完成任务点: 0.00, 学习率: 0.000100, 噪声标准差: 0.0100, 平均用时: 0.24s
2025-09-09 17:16:01,136 - INFO - Episode 640/1000 - 策略: Actor网络, 平均奖励: -100.306, 平均步数: 12.6, 成功率: 0.000, 平均完成任务点: 0.00, 学习率: 0.000100, 噪声标准差: 0.0100, 平均用时: 0.25s
2025-09-09 17:16:03,779 - INFO - Episode 650/1000 - 策略: Actor网络, 平均奖励: -100.328, 平均步数: 13.5, 成功率: 0.000, 平均完成任务点: 0.00, 学习率: 0.000100, 噪声标准差: 0.0100, 平均用时: 0.26s
2025-09-09 17:16:06,431 - INFO - Episode 660/1000 - 策略: Actor网络, 平均奖励: -100.323, 平均步数: 13.7, 成功率: 0.000, 平均完成任务点: 0.00, 学习率: 0.000100, 噪声标准差: 0.0100, 平均用时: 0.27s
2025-09-09 17:16:23,448 - INFO - Episode 670/1000 - 策略: Actor网络, 平均奖励: -91.248, 平均步数: 92.1, 成功率: 0.000, 平均完成任务点: 0.00, 学习率: 0.000100, 噪声标准差: 0.0100, 平均用时: 1.70s
2025-09-09 17:16:25,948 - INFO - Episode 680/1000 - 策略: Actor网络, 平均奖励: -100.278, 平均步数: 13.0, 成功率: 0.000, 平均完成任务点: 0.00, 学习率: 0.000100, 噪声标准差: 0.0100, 平均用时: 0.25s
2025-09-09 17:16:28,367 - INFO - Episode 690/1000 - 策略: Actor网络, 平均奖励: -100.285, 平均步数: 13.5, 成功率: 0.000, 平均完成任务点: 0.00, 学习率: 0.000100, 噪声标准差: 0.0100, 平均用时: 0.24s
2025-09-09 17:16:30,887 - INFO - Episode 700/1000 - 策略: Actor网络, 平均奖励: -100.280, 平均步数: 13.0, 成功率: 0.000, 平均完成任务点: 0.00, 学习率: 0.000100, 噪声标准差: 0.0100, 平均用时: 0.25s
2025-09-09 17:16:56,329 - INFO - Episode 710/1000 - 策略: Actor网络, 平均奖励: -89.999, 平均步数: 139.7, 成功率: 0.000, 平均完成任务点: 0.00, 学习率: 0.000100, 噪声标准差: 0.0100, 平均用时: 2.54s
2025-09-09 17:17:28,788 - INFO - Episode 720/1000 - 策略: Actor网络, 平均奖励: -99.930, 平均步数: 187.2, 成功率: 0.000, 平均完成任务点: 0.00, 学习率: 0.000100, 噪声标准差: 0.0100, 平均用时: 3.25s
2025-09-09 17:18:28,188 - INFO - Episode 730/1000 - 策略: Actor网络, 平均奖励: -63.117, 平均步数: 334.1, 成功率: 0.000, 平均完成任务点: 0.00, 学习率: 0.000100, 噪声标准差: 0.0100, 平均用时: 5.94s
2025-09-09 17:19:20,538 - INFO - Episode 740/1000 - 策略: Actor网络, 平均奖励: -71.822, 平均步数: 289.0, 成功率: 0.000, 平均完成任务点: 0.00, 学习率: 0.000100, 噪声标准差: 0.0100, 平均用时: 5.24s
2025-09-09 17:19:36,434 - INFO - Episode 750/1000 - 策略: Actor网络, 平均奖励: -101.381, 平均步数: 87.4, 成功率: 0.000, 平均完成任务点: 0.00, 学习率: 0.000100, 噪声标准差: 0.0100, 平均用时: 1.59s
2025-09-09 17:19:44,822 - INFO - Episode 760/1000 - 策略: Actor网络, 平均奖励: -100.877, 平均步数: 45.7, 成功率: 0.000, 平均完成任务点: 0.00, 学习率: 0.000100, 噪声标准差: 0.0100, 平均用时: 0.84s
2025-09-09 17:20:07,360 - INFO - Episode 770/1000 - 策略: Actor网络, 平均奖励: -92.070, 平均步数: 123.3, 成功率: 0.000, 平均完成任务点: 0.00, 学习率: 0.000100, 噪声标准差: 0.0100, 平均用时: 2.25s
2025-09-09 17:20:49,264 - INFO - Episode 780/1000 - 策略: Actor网络, 平均奖励: -74.311, 平均步数: 230.9, 成功率: 0.000, 平均完成任务点: 0.00, 学习率: 0.000100, 噪声标准差: 0.0100, 平均用时: 4.19s
2025-09-09 17:21:37,043 - INFO - Episode 790/1000 - 策略: Actor网络, 平均奖励: -96.951, 平均步数: 263.2, 成功率: 0.000, 平均完成任务点: 0.00, 学习率: 0.000100, 噪声标准差: 0.0100, 平均用时: 4.78s
2025-09-09 17:23:05,699 - INFO - Episode 800/1000 - 策略: Actor网络, 平均奖励: -12.924, 平均步数: 500.0, 成功率: 0.000, 平均完成任务点: 0.00, 学习率: 0.000100, 噪声标准差: 0.0100, 平均用时: 8.87s
2025-09-09 17:23:46,308 - INFO - Episode 810/1000 - 策略: Actor网络, 平均奖励: -64.712, 平均步数: 226.3, 成功率: 0.000, 平均完成任务点: 0.00, 学习率: 0.000100, 噪声标准差: 0.0100, 平均用时: 4.06s
2025-09-09 17:23:56,443 - INFO - Episode 820/1000 - 策略: Actor网络, 平均奖励: -102.269, 平均步数: 55.6, 成功率: 0.000, 平均完成任务点: 0.00, 学习率: 0.000100, 噪声标准差: 0.0100, 平均用时: 1.01s
2025-09-09 17:24:07,748 - INFO - Episode 829, Step 234: 检测到任务点完成，停止添加噪声
2025-09-09 17:24:15,748 - INFO - Episode 830/1000 - 策略: Actor网络, 平均奖励: -82.880, 平均步数: 106.3, 成功率: 0.000, 平均完成任务点: 0.10, 学习率: 0.000100, 噪声标准差: 0.0100, 平均用时: 1.93s
2025-09-09 17:25:32,940 - INFO - Episode 840/1000 - 策略: Actor网络, 平均奖励: -23.399, 平均步数: 428.0, 成功率: 0.000, 平均完成任务点: 0.00, 学习率: 0.000100, 噪声标准差: 0.0100, 平均用时: 7.72s
2025-09-09 17:27:02,782 - INFO - Episode 850/1000 - 策略: Actor网络, 平均奖励: -5.663, 平均步数: 500.0, 成功率: 0.000, 平均完成任务点: 0.00, 学习率: 0.000100, 噪声标准差: 0.0100, 平均用时: 8.98s
2025-09-09 17:28:32,359 - INFO - Episode 860/1000 - 策略: Actor网络, 平均奖励: -1.583, 平均步数: 500.0, 成功率: 0.000, 平均完成任务点: 0.00, 学习率: 0.000100, 噪声标准差: 0.0100, 平均用时: 8.96s
2025-09-09 17:29:24,845 - INFO - Episode 870/1000 - 策略: Actor网络, 平均奖励: -47.033, 平均步数: 292.7, 成功率: 0.000, 平均完成任务点: 0.00, 学习率: 0.000100, 噪声标准差: 0.0100, 平均用时: 5.25s
2025-09-09 17:29:51,037 - INFO - Episode 880/1000 - 策略: Actor网络, 平均奖励: -96.347, 平均步数: 144.5, 成功率: 0.000, 平均完成任务点: 0.00, 学习率: 0.000100, 噪声标准差: 0.0100, 平均用时: 2.62s
2025-09-09 17:30:57,852 - INFO - Episode 890/1000 - 策略: Actor网络, 平均奖励: -45.329, 平均步数: 368.6, 成功率: 0.000, 平均完成任务点: 0.00, 学习率: 0.000100, 噪声标准差: 0.0100, 平均用时: 6.68s
2025-09-09 17:32:04,448 - INFO - Episode 900/1000 - 策略: Actor网络, 平均奖励: -47.307, 平均步数: 371.0, 成功率: 0.000, 平均完成任务点: 0.00, 学习率: 0.000100, 噪声标准差: 0.0100, 平均用时: 6.66s
2025-09-09 17:32:12,756 - INFO - Episode 910/1000 - 策略: Actor网络, 平均奖励: -100.850, 平均步数: 45.4, 成功率: 0.000, 平均完成任务点: 0.00, 学习率: 0.000100, 噪声标准差: 0.0100, 平均用时: 0.83s
2025-09-09 17:32:22,840 - INFO - Episode 920/1000 - 策略: Actor网络, 平均奖励: -100.993, 平均步数: 55.3, 成功率: 0.000, 平均完成任务点: 0.00, 学习率: 0.000100, 噪声标准差: 0.0100, 平均用时: 1.01s
2025-09-09 17:33:53,271 - INFO - Episode 930/1000 - 策略: Actor网络, 平均奖励: 33.535, 平均步数: 500.0, 成功率: 0.000, 平均完成任务点: 0.10, 学习率: 0.000100, 噪声标准差: 0.0100, 平均用时: 9.04s
2025-09-09 17:35:05,146 - INFO - Episode 940/1000 - 策略: Actor网络, 平均奖励: -49.594, 平均步数: 422.0, 成功率: 0.000, 平均完成任务点: 0.00, 学习率: 0.000100, 噪声标准差: 0.0100, 平均用时: 7.19s
2025-09-09 17:36:09,488 - INFO - Episode 950/1000 - 策略: Actor网络, 平均奖励: -51.009, 平均步数: 361.0, 成功率: 0.000, 平均完成任务点: 0.00, 学习率: 0.000100, 噪声标准差: 0.0100, 平均用时: 6.43s
2025-09-09 17:36:43,153 - INFO - Episode 960/1000 - 策略: Actor网络, 平均奖励: -91.391, 平均步数: 185.4, 成功率: 0.000, 平均完成任务点: 0.00, 学习率: 0.000100, 噪声标准差: 0.0100, 平均用时: 3.37s
2025-09-09 17:37:10,369 - INFO - Episode 970/1000 - 策略: Actor网络, 平均奖励: -101.919, 平均步数: 152.2, 成功率: 0.000, 平均完成任务点: 0.00, 学习率: 0.000100, 噪声标准差: 0.0100, 平均用时: 2.72s
2025-09-09 17:38:02,864 - INFO - Episode 980/1000 - 策略: Actor网络, 平均奖励: -58.062, 平均步数: 319.4, 成功率: 0.000, 平均完成任务点: 0.00, 学习率: 0.000100, 噪声标准差: 0.0100, 平均用时: 5.25s
2025-09-09 17:38:45,370 - INFO - Episode 990/1000 - 策略: Actor网络, 平均奖励: -80.763, 平均步数: 258.0, 成功率: 0.000, 平均完成任务点: 0.00, 学习率: 0.000100, 噪声标准差: 0.0100, 平均用时: 4.25s
2025-09-09 17:39:34,243 - INFO - Episode 1000/1000 - 策略: Actor网络, 平均奖励: -83.661, 平均步数: 305.1, 成功率: 0.000, 平均完成任务点: 0.00, 学习率: 0.000100, 噪声标准差: 0.0100, 平均用时: 4.89s
2025-09-09 17:39:34,250 - INFO - 模型已保存到 models/episode_1000_sr_0.000 - 定期保存（500轮间隔）
2025-09-09 17:39:34,250 - INFO - 训练完成！总用时: 2787.04s
2025-09-09 17:39:34,256 - INFO - === 最终训练统计 ===
2025-09-09 17:39:34,256 - INFO - 最后10轮平均奖励: -83.661
2025-09-09 17:39:34,256 - INFO - 最后10轮平均步数: 305.1
2025-09-09 17:39:34,256 - INFO - 最后10轮成功率: 0.000
2025-09-09 17:39:34,256 - INFO - 最后10轮平均完成任务点: 0.00
2025-09-09 17:39:34,258 - INFO - 最终学习率: 0.000100
2025-09-09 17:39:34,258 - INFO - 最终噪声标准差: 0.0100
2025-09-09 17:39:34,258 - INFO - 历史最佳成功率: 0.000
2025-09-09 17:39:34,258 - INFO - 总训练轮数: 1000
2025-09-09 17:39:34,258 - INFO - 最近轮次最高奖励: 14.055
2025-09-09 17:39:34,258 - INFO - 最近轮次最低奖励: -109.322
2025-09-09 17:39:34,259 - INFO - 最近轮次最多完成任务点: 0
2025-09-09 17:39:34,259 - INFO - 最近轮次最少完成任务点: 0
2025-09-09 17:39:34,259 - INFO - 训练结束！
