2025-09-09 16:27:48,427 - INFO - 开始训练 MADDPG...
2025-09-09 16:27:48,427 - INFO - 日志目录: log/train_2025-09-09-16-27
2025-09-09 16:27:48,427 - INFO - 配置文件已保存到: log/train_2025-09-09-16-27/config.json
2025-09-09 16:27:48,427 - INFO - 配置参数: {'map': {'kMaxX': 5.0, 'kMaxY': 5.0, 'kMinX': -5.0, 'kMinY': -5.0, 'kMaxObsR': 1.0, 'kMinObsR': 0.3, 'kNumAgents': 2, 'kNumGoals': 5, 'kNumObstacles': 3, 'kTimeStep': 0.1}, 'agent': {'kAgentRadius': 0.2, 'kMaxSpeed': 1.0, 'kMaxAngularSpeed': 1.0, 'kNumRadars': 32, 'kMaxRadarDist': 3.0}, 'goal': {'kGoalThreshold': 0.3}, 'reward': {'kTimeReward': -0.1, 'kCollisionReward': -100.0, 'kGoalReward': 100.0, 'kDistanceReward': 0.1, 'kAgentSeparationReward': 0.1, 'kMinAgentDistance': 1.0, 'kMinGoalDistance': 0.1}, 'training': {'max_episodes': 1000, 'max_steps_per_episode': 500, 'buffer_size': 100000, 'batch_size': 256, 'learning_rate': 0.001, 'lr_decay': 0.99, 'min_learning_rate': 0.0001, 'gamma': 0.95, 'tau': 0.01, 'noise_std': 0.1, 'noise_decay': 0.995, 'min_noise_std': 0.01, 'smart_noise_control': True, 'save_interval': 500, 'log_interval': 10, 'device': 'cuda'}}
2025-09-09 16:27:48,450 - INFO - 使用设备: cuda
2025-09-09 16:27:48,457 - INFO - 环境创建成功 - Agent数量: 2, 目标数量: 5, 障碍物数量: 3
2025-09-09 16:27:48,457 - INFO - 状态维度 - Agent状态: 3, 观测维度: 32, 动作维度: 2
2025-09-09 16:27:48,457 - INFO - 全局状态维度: 30, 最大动作: [1. 1.]
2025-09-09 16:27:49,737 - INFO - 智能体团队创建成功
2025-09-09 16:27:49,737 - INFO - 经验回放缓冲区创建成功
2025-09-09 16:27:49,737 - INFO - 保存初始环境状态图...
2025-09-09 16:27:50,438 - INFO - 初始环境状态图已保存到: images/initial_environment_state.png
2025-09-09 16:27:50,439 - INFO - 开始训练循环...
2025-09-09 16:27:54,664 - INFO - Episode 10/1000 - 平均奖励: -101.305, 平均步数: 38.9, 成功率: 0.000, 平均完成任务点: 0.00, 学习率: 0.001000, 噪声标准差: 0.0951, 平均用时: 0.42s
2025-09-09 16:27:56,571 - INFO - Episode 20/1000 - 平均奖励: -100.354, 平均步数: 11.5, 成功率: 0.000, 平均完成任务点: 0.00, 学习率: 0.000990, 噪声标准差: 0.0905, 平均用时: 0.19s
2025-09-09 16:27:58,371 - INFO - Episode 30/1000 - 平均奖励: -100.354, 平均步数: 11.4, 成功率: 0.000, 平均完成任务点: 0.00, 学习率: 0.000980, 噪声标准差: 0.0860, 平均用时: 0.18s
2025-09-09 16:28:00,241 - INFO - Episode 40/1000 - 平均奖励: -100.353, 平均步数: 11.5, 成功率: 0.000, 平均完成任务点: 0.00, 学习率: 0.000970, 噪声标准差: 0.0818, 平均用时: 0.19s
2025-09-09 16:28:02,195 - INFO - Episode 50/1000 - 平均奖励: -100.360, 平均步数: 11.7, 成功率: 0.000, 平均完成任务点: 0.00, 学习率: 0.000961, 噪声标准差: 0.0778, 平均用时: 0.20s
2025-09-09 16:28:04,098 - INFO - Episode 60/1000 - 平均奖励: -100.350, 平均步数: 11.3, 成功率: 0.000, 平均完成任务点: 0.00, 学习率: 0.000951, 噪声标准差: 0.0740, 平均用时: 0.19s
2025-09-09 16:28:05,991 - INFO - Episode 70/1000 - 平均奖励: -100.351, 平均步数: 11.4, 成功率: 0.000, 平均完成任务点: 0.00, 学习率: 0.000941, 噪声标准差: 0.0704, 平均用时: 0.19s
2025-09-09 16:28:07,866 - INFO - Episode 80/1000 - 平均奖励: -100.345, 平均步数: 11.1, 成功率: 0.000, 平均完成任务点: 0.00, 学习率: 0.000932, 噪声标准差: 0.0670, 平均用时: 0.19s
2025-09-09 16:28:09,752 - INFO - Episode 90/1000 - 平均奖励: -100.348, 平均步数: 11.2, 成功率: 0.000, 平均完成任务点: 0.00, 学习率: 0.000923, 噪声标准差: 0.0637, 平均用时: 0.19s
2025-09-09 16:28:11,607 - INFO - Episode 100/1000 - 平均奖励: -100.345, 平均步数: 11.1, 成功率: 0.000, 平均完成任务点: 0.00, 学习率: 0.000914, 噪声标准差: 0.0606, 平均用时: 0.19s
2025-09-09 16:28:13,504 - INFO - Episode 110/1000 - 平均奖励: -100.349, 平均步数: 11.3, 成功率: 0.000, 平均完成任务点: 0.00, 学习率: 0.000904, 噪声标准差: 0.0576, 平均用时: 0.19s
2025-09-09 16:28:15,351 - INFO - Episode 120/1000 - 平均奖励: -100.343, 平均步数: 11.0, 成功率: 0.000, 平均完成任务点: 0.00, 学习率: 0.000895, 噪声标准差: 0.0548, 平均用时: 0.18s
2025-09-09 16:28:17,237 - INFO - Episode 130/1000 - 平均奖励: -100.347, 平均步数: 11.2, 成功率: 0.000, 平均完成任务点: 0.00, 学习率: 0.000886, 噪声标准差: 0.0521, 平均用时: 0.19s
2025-09-09 16:28:19,113 - INFO - Episode 140/1000 - 平均奖励: -100.347, 平均步数: 11.2, 成功率: 0.000, 平均完成任务点: 0.00, 学习率: 0.000878, 噪声标准差: 0.0496, 平均用时: 0.19s
2025-09-09 16:28:20,966 - INFO - Episode 150/1000 - 平均奖励: -100.343, 平均步数: 11.0, 成功率: 0.000, 平均完成任务点: 0.00, 学习率: 0.000869, 噪声标准差: 0.0471, 平均用时: 0.19s
2025-09-09 16:28:22,835 - INFO - Episode 160/1000 - 平均奖励: -100.343, 平均步数: 11.0, 成功率: 0.000, 平均完成任务点: 0.00, 学习率: 0.000860, 噪声标准差: 0.0448, 平均用时: 0.19s
2025-09-09 16:28:24,709 - INFO - Episode 170/1000 - 平均奖励: -100.343, 平均步数: 11.0, 成功率: 0.000, 平均完成任务点: 0.00, 学习率: 0.000851, 噪声标准差: 0.0427, 平均用时: 0.19s
2025-09-09 16:28:26,611 - INFO - Episode 180/1000 - 平均奖励: -100.342, 平均步数: 11.0, 成功率: 0.000, 平均完成任务点: 0.00, 学习率: 0.000843, 噪声标准差: 0.0406, 平均用时: 0.19s
2025-09-09 16:28:28,475 - INFO - Episode 190/1000 - 平均奖励: -100.343, 平均步数: 11.0, 成功率: 0.000, 平均完成任务点: 0.00, 学习率: 0.000835, 噪声标准差: 0.0386, 平均用时: 0.19s
2025-09-09 16:28:30,342 - INFO - Episode 200/1000 - 平均奖励: -100.343, 平均步数: 11.0, 成功率: 0.000, 平均完成任务点: 0.00, 学习率: 0.000826, 噪声标准差: 0.0367, 平均用时: 0.19s
2025-09-09 16:28:32,190 - INFO - Episode 210/1000 - 平均奖励: -100.343, 平均步数: 11.0, 成功率: 0.000, 平均完成任务点: 0.00, 学习率: 0.000818, 噪声标准差: 0.0349, 平均用时: 0.18s
2025-09-09 16:28:34,029 - INFO - Episode 220/1000 - 平均奖励: -100.343, 平均步数: 11.0, 成功率: 0.000, 平均完成任务点: 0.00, 学习率: 0.000810, 噪声标准差: 0.0332, 平均用时: 0.18s
2025-09-09 16:28:35,872 - INFO - Episode 230/1000 - 平均奖励: -100.343, 平均步数: 11.0, 成功率: 0.000, 平均完成任务点: 0.00, 学习率: 0.000802, 噪声标准差: 0.0316, 平均用时: 0.18s
2025-09-09 16:28:37,710 - INFO - Episode 240/1000 - 平均奖励: -100.343, 平均步数: 11.0, 成功率: 0.000, 平均完成任务点: 0.00, 学习率: 0.000794, 噪声标准差: 0.0300, 平均用时: 0.18s
2025-09-09 16:28:39,538 - INFO - Episode 250/1000 - 平均奖励: -100.343, 平均步数: 11.0, 成功率: 0.000, 平均完成任务点: 0.00, 学习率: 0.000786, 噪声标准差: 0.0286, 平均用时: 0.18s
2025-09-09 16:28:41,383 - INFO - Episode 260/1000 - 平均奖励: -100.343, 平均步数: 11.0, 成功率: 0.000, 平均完成任务点: 0.00, 学习率: 0.000778, 噪声标准差: 0.0272, 平均用时: 0.18s
2025-09-09 16:28:43,226 - INFO - Episode 270/1000 - 平均奖励: -100.343, 平均步数: 11.0, 成功率: 0.000, 平均完成任务点: 0.00, 学习率: 0.000770, 噪声标准差: 0.0258, 平均用时: 0.18s
2025-09-09 16:28:45,098 - INFO - Episode 280/1000 - 平均奖励: -100.343, 平均步数: 11.0, 成功率: 0.000, 平均完成任务点: 0.00, 学习率: 0.000762, 噪声标准差: 0.0246, 平均用时: 0.19s
2025-09-09 16:28:46,945 - INFO - Episode 290/1000 - 平均奖励: -100.343, 平均步数: 11.0, 成功率: 0.000, 平均完成任务点: 0.00, 学习率: 0.000755, 噪声标准差: 0.0234, 平均用时: 0.18s
2025-09-09 16:28:48,798 - INFO - Episode 300/1000 - 平均奖励: -100.343, 平均步数: 11.0, 成功率: 0.000, 平均完成任务点: 0.00, 学习率: 0.000747, 噪声标准差: 0.0222, 平均用时: 0.19s
2025-09-09 16:28:50,657 - INFO - Episode 310/1000 - 平均奖励: -100.343, 平均步数: 11.0, 成功率: 0.000, 平均完成任务点: 0.00, 学习率: 0.000740, 噪声标准差: 0.0211, 平均用时: 0.19s
2025-09-09 16:28:52,507 - INFO - Episode 320/1000 - 平均奖励: -100.343, 平均步数: 11.0, 成功率: 0.000, 平均完成任务点: 0.00, 学习率: 0.000732, 噪声标准差: 0.0201, 平均用时: 0.19s
2025-09-09 16:28:54,383 - INFO - Episode 330/1000 - 平均奖励: -100.343, 平均步数: 11.0, 成功率: 0.000, 平均完成任务点: 0.00, 学习率: 0.000725, 噪声标准差: 0.0191, 平均用时: 0.19s
2025-09-09 16:28:56,266 - INFO - Episode 340/1000 - 平均奖励: -100.343, 平均步数: 11.0, 成功率: 0.000, 平均完成任务点: 0.00, 学习率: 0.000718, 噪声标准差: 0.0182, 平均用时: 0.19s
2025-09-09 16:28:58,202 - INFO - Episode 350/1000 - 平均奖励: -100.343, 平均步数: 11.0, 成功率: 0.000, 平均完成任务点: 0.00, 学习率: 0.000711, 噪声标准差: 0.0173, 平均用时: 0.19s
2025-09-09 16:29:00,089 - INFO - Episode 360/1000 - 平均奖励: -100.343, 平均步数: 11.0, 成功率: 0.000, 平均完成任务点: 0.00, 学习率: 0.000703, 噪声标准差: 0.0165, 平均用时: 0.19s
2025-09-09 16:29:02,189 - INFO - Episode 370/1000 - 平均奖励: -100.343, 平均步数: 11.0, 成功率: 0.000, 平均完成任务点: 0.00, 学习率: 0.000696, 噪声标准差: 0.0157, 平均用时: 0.21s
2025-09-09 16:29:04,302 - INFO - Episode 380/1000 - 平均奖励: -100.343, 平均步数: 11.0, 成功率: 0.000, 平均完成任务点: 0.00, 学习率: 0.000689, 噪声标准差: 0.0149, 平均用时: 0.21s
2025-09-09 16:29:06,406 - INFO - Episode 390/1000 - 平均奖励: -100.343, 平均步数: 11.0, 成功率: 0.000, 平均完成任务点: 0.00, 学习率: 0.000683, 噪声标准差: 0.0142, 平均用时: 0.21s
2025-09-09 16:29:08,469 - INFO - Episode 400/1000 - 平均奖励: -100.343, 平均步数: 11.0, 成功率: 0.000, 平均完成任务点: 0.00, 学习率: 0.000676, 噪声标准差: 0.0135, 平均用时: 0.21s
