2025-09-09 18:31:28,974 - INFO - 开始训练 MADDPG...
2025-09-09 18:31:28,975 - INFO - 日志目录: log/train_2025-09-09-18-31
2025-09-09 18:31:28,975 - INFO - 配置文件已保存到: log/train_2025-09-09-18-31/config.json
2025-09-09 18:31:28,975 - INFO - 配置参数: {'map': {'kMaxX': 5.0, 'kMaxY': 5.0, 'kMinX': -5.0, 'kMinY': -5.0, 'kMaxObsR': 1.0, 'kMinObsR': 0.3, 'kNumAgents': 2, 'kNumGoals': 5, 'kNumObstacles': 3, 'kTimeStep': 0.1}, 'agent': {'kAgentRadius': 0.2, 'kMaxSpeed': 1.0, 'kMaxAngularSpeed': 1.0, 'kNumRadars': 32, 'kMaxRadarDist': 3.0}, 'goal': {'kGoalThreshold': 0.3}, 'reward': {'kTimeReward': -0.1, 'kCollisionReward': -100.0, 'kGoalReward': 100.0, 'kDistanceReward': 0.1, 'kAgentSeparationReward': 0.1, 'kMinAgentDistance': 1.0, 'kMinGoalDistance': 0.1}, 'training': {'max_episodes': 1000, 'max_steps_per_episode': 500, 'buffer_size': 100000, 'batch_size': 256, 'learning_rate': 2e-05, 'lr_decay': 0.99, 'min_learning_rate': 5e-06, 'gamma': 0.95, 'tau': 0.01, 'noise_std': 0.1, 'noise_decay': 0.995, 'min_noise_std': 0.01, 'smart_noise_control': True, 'random_exploration_episodes': 50, 'save_interval': 500, 'log_interval': 10, 'device': 'cuda'}}
2025-09-09 18:31:29,005 - INFO - 使用设备: cuda
2025-09-09 18:31:29,012 - INFO - 环境创建成功 - Agent数量: 2, 目标数量: 5, 障碍物数量: 3
2025-09-09 18:31:29,012 - INFO - 状态维度 - Agent状态: 3, 观测维度: 32, 动作维度: 2
2025-09-09 18:31:29,012 - INFO - 全局状态维度: 30, 最大动作: [1. 1.]
2025-09-09 18:31:30,308 - INFO - 智能体团队创建成功
2025-09-09 18:31:30,309 - INFO - 经验回放缓冲区创建成功
2025-09-09 18:31:30,309 - INFO - 保存初始环境状态图...
2025-09-09 18:31:31,015 - INFO - 初始环境状态图已保存到: images/initial_environment_state.png
2025-09-09 18:31:31,015 - INFO - 开始训练循环...
2025-09-09 18:31:31,015 - INFO - 前50轮将使用纯随机游走策略，不执行actor网络和学习
2025-09-09 18:32:13,268 - INFO - Episode 10/1000 - 策略: 随机游走, 平均奖励: -70.737, 平均步数: 292.9, 成功率: 0.000, 平均完成任务点: 0.00, 学习率: 0.000020, 噪声标准差: 0.0951, 平均用时: 4.23s
2025-09-09 18:32:31,605 - INFO - Episode 20/1000 - 策略: 随机游走, 平均奖励: -102.408, 平均步数: 118.8, 成功率: 0.000, 平均完成任务点: 0.00, 学习率: 0.000020, 噪声标准差: 0.0905, 平均用时: 1.83s
2025-09-09 18:33:10,423 - INFO - Episode 30/1000 - 策略: 随机游走, 平均奖励: -95.610, 平均步数: 253.8, 成功率: 0.000, 平均完成任务点: 0.00, 学习率: 0.000020, 噪声标准差: 0.0860, 平均用时: 3.88s
2025-09-09 18:34:06,605 - INFO - Episode 40/1000 - 策略: 随机游走, 平均奖励: -65.387, 平均步数: 376.4, 成功率: 0.000, 平均完成任务点: 0.00, 学习率: 0.000019, 噪声标准差: 0.0818, 平均用时: 5.62s
2025-09-09 18:35:09,585 - INFO - Episode 50/1000 - 策略: 随机游走, 平均奖励: -85.564, 平均步数: 372.8, 成功率: 0.000, 平均完成任务点: 0.00, 学习率: 0.000019, 噪声标准差: 0.0778, 平均用时: 6.30s
2025-09-09 18:35:09,585 - INFO - ============================================================
2025-09-09 18:35:09,585 - INFO - 切换训练策略：从随机游走切换到Actor网络策略
2025-09-09 18:35:09,585 - INFO - 开始执行Actor网络和网络学习
2025-09-09 18:35:09,585 - INFO - ============================================================
2025-09-09 18:35:09,731 - INFO - 定期模型已保存到 log/train_2025-09-09-18-31/periodic_saves/episode_51 - 在指定轮数切换策略时保存模型
2025-09-09 18:35:10,992 - INFO - Episode 60/1000 - 策略: Actor网络, 平均奖励: -100.161, 平均步数: 8.0, 成功率: 0.000, 平均完成任务点: 0.00, 学习率: 0.000019, 噪声标准差: 0.0740, 平均用时: 0.14s
2025-09-09 18:35:12,438 - INFO - Episode 70/1000 - 策略: Actor网络, 平均奖励: -100.161, 平均步数: 8.0, 成功率: 0.000, 平均完成任务点: 0.00, 学习率: 0.000019, 噪声标准差: 0.0704, 平均用时: 0.14s
2025-09-09 18:35:13,793 - INFO - Episode 80/1000 - 策略: Actor网络, 平均奖励: -100.161, 平均步数: 8.0, 成功率: 0.000, 平均完成任务点: 0.00, 学习率: 0.000019, 噪声标准差: 0.0670, 平均用时: 0.14s
2025-09-09 18:35:15,124 - INFO - Episode 90/1000 - 策略: Actor网络, 平均奖励: -100.161, 平均步数: 8.0, 成功率: 0.000, 平均完成任务点: 0.00, 学习率: 0.000018, 噪声标准差: 0.0637, 平均用时: 0.13s
2025-09-09 18:35:16,519 - INFO - Episode 100/1000 - 策略: Actor网络, 平均奖励: -100.160, 平均步数: 8.0, 成功率: 0.000, 平均完成任务点: 0.00, 学习率: 0.000018, 噪声标准差: 0.0606, 平均用时: 0.14s
2025-09-09 18:35:17,852 - INFO - Episode 110/1000 - 策略: Actor网络, 平均奖励: -100.160, 平均步数: 8.0, 成功率: 0.000, 平均完成任务点: 0.00, 学习率: 0.000018, 噪声标准差: 0.0576, 平均用时: 0.13s
2025-09-09 18:35:19,203 - INFO - Episode 120/1000 - 策略: Actor网络, 平均奖励: -100.163, 平均步数: 8.0, 成功率: 0.000, 平均完成任务点: 0.00, 学习率: 0.000018, 噪声标准差: 0.0548, 平均用时: 0.13s
2025-09-09 18:35:20,544 - INFO - Episode 130/1000 - 策略: Actor网络, 平均奖励: -100.163, 平均步数: 8.0, 成功率: 0.000, 平均完成任务点: 0.00, 学习率: 0.000018, 噪声标准差: 0.0521, 平均用时: 0.13s
2025-09-09 18:35:21,906 - INFO - Episode 140/1000 - 策略: Actor网络, 平均奖励: -100.163, 平均步数: 8.0, 成功率: 0.000, 平均完成任务点: 0.00, 学习率: 0.000018, 噪声标准差: 0.0496, 平均用时: 0.14s
2025-09-09 18:35:23,277 - INFO - Episode 150/1000 - 策略: Actor网络, 平均奖励: -100.163, 平均步数: 8.0, 成功率: 0.000, 平均完成任务点: 0.00, 学习率: 0.000017, 噪声标准差: 0.0471, 平均用时: 0.14s
2025-09-09 18:35:24,687 - INFO - Episode 160/1000 - 策略: Actor网络, 平均奖励: -100.163, 平均步数: 8.0, 成功率: 0.000, 平均完成任务点: 0.00, 学习率: 0.000017, 噪声标准差: 0.0448, 平均用时: 0.14s
2025-09-09 18:35:26,226 - INFO - Episode 170/1000 - 策略: Actor网络, 平均奖励: -100.163, 平均步数: 8.0, 成功率: 0.000, 平均完成任务点: 0.00, 学习率: 0.000017, 噪声标准差: 0.0427, 平均用时: 0.15s
2025-09-09 18:35:27,766 - INFO - Episode 180/1000 - 策略: Actor网络, 平均奖励: -100.163, 平均步数: 8.0, 成功率: 0.000, 平均完成任务点: 0.00, 学习率: 0.000017, 噪声标准差: 0.0406, 平均用时: 0.15s
2025-09-09 18:35:29,310 - INFO - Episode 190/1000 - 策略: Actor网络, 平均奖励: -100.162, 平均步数: 8.0, 成功率: 0.000, 平均完成任务点: 0.00, 学习率: 0.000017, 噪声标准差: 0.0386, 平均用时: 0.15s
2025-09-09 18:35:32,271 - INFO - Episode 200/1000 - 策略: Actor网络, 平均奖励: -99.924, 平均步数: 16.0, 成功率: 0.000, 平均完成任务点: 0.00, 学习率: 0.000017, 噪声标准差: 0.0367, 平均用时: 0.30s
2025-09-09 18:35:35,304 - INFO - Episode 210/1000 - 策略: Actor网络, 平均奖励: -99.928, 平均步数: 16.0, 成功率: 0.000, 平均完成任务点: 0.00, 学习率: 0.000016, 噪声标准差: 0.0349, 平均用时: 0.30s
2025-09-09 18:35:38,337 - INFO - Episode 220/1000 - 策略: Actor网络, 平均奖励: -99.927, 平均步数: 16.0, 成功率: 0.000, 平均完成任务点: 0.00, 学习率: 0.000016, 噪声标准差: 0.0332, 平均用时: 0.30s
2025-09-09 18:35:41,316 - INFO - Episode 230/1000 - 策略: Actor网络, 平均奖励: -99.926, 平均步数: 16.0, 成功率: 0.000, 平均完成任务点: 0.00, 学习率: 0.000016, 噪声标准差: 0.0316, 平均用时: 0.30s
2025-09-09 18:35:44,339 - INFO - Episode 240/1000 - 策略: Actor网络, 平均奖励: -99.926, 平均步数: 16.0, 成功率: 0.000, 平均完成任务点: 0.00, 学习率: 0.000016, 噪声标准差: 0.0300, 平均用时: 0.30s
2025-09-09 18:35:47,146 - INFO - Episode 250/1000 - 策略: Actor网络, 平均奖励: -99.927, 平均步数: 16.0, 成功率: 0.000, 平均完成任务点: 0.00, 学习率: 0.000016, 噪声标准差: 0.0286, 平均用时: 0.28s
2025-09-09 18:35:49,910 - INFO - Episode 260/1000 - 策略: Actor网络, 平均奖励: -99.927, 平均步数: 16.0, 成功率: 0.000, 平均完成任务点: 0.00, 学习率: 0.000016, 噪声标准差: 0.0272, 平均用时: 0.28s
2025-09-09 18:35:52,662 - INFO - Episode 270/1000 - 策略: Actor网络, 平均奖励: -99.926, 平均步数: 16.0, 成功率: 0.000, 平均完成任务点: 0.00, 学习率: 0.000015, 噪声标准差: 0.0258, 平均用时: 0.28s
2025-09-09 18:35:55,380 - INFO - Episode 280/1000 - 策略: Actor网络, 平均奖励: -99.926, 平均步数: 16.0, 成功率: 0.000, 平均完成任务点: 0.00, 学习率: 0.000015, 噪声标准差: 0.0246, 平均用时: 0.27s
2025-09-09 18:35:58,073 - INFO - Episode 290/1000 - 策略: Actor网络, 平均奖励: -99.926, 平均步数: 16.0, 成功率: 0.000, 平均完成任务点: 0.00, 学习率: 0.000015, 噪声标准差: 0.0234, 平均用时: 0.27s
2025-09-09 18:36:00,571 - INFO - Episode 300/1000 - 策略: Actor网络, 平均奖励: -100.422, 平均步数: 16.0, 成功率: 0.000, 平均完成任务点: 0.00, 学习率: 0.000015, 噪声标准差: 0.0222, 平均用时: 0.25s
2025-09-09 18:36:03,210 - INFO - Episode 310/1000 - 策略: Actor网络, 平均奖励: -100.479, 平均步数: 16.0, 成功率: 0.000, 平均完成任务点: 0.00, 学习率: 0.000015, 噪声标准差: 0.0211, 平均用时: 0.26s
2025-09-09 18:36:05,960 - INFO - Episode 320/1000 - 策略: Actor网络, 平均奖励: -100.479, 平均步数: 16.0, 成功率: 0.000, 平均完成任务点: 0.00, 学习率: 0.000015, 噪声标准差: 0.0201, 平均用时: 0.27s
2025-09-09 18:36:08,514 - INFO - Episode 330/1000 - 策略: Actor网络, 平均奖励: -100.479, 平均步数: 16.0, 成功率: 0.000, 平均完成任务点: 0.00, 学习率: 0.000014, 噪声标准差: 0.0191, 平均用时: 0.26s
2025-09-09 18:36:11,078 - INFO - Episode 340/1000 - 策略: Actor网络, 平均奖励: -100.479, 平均步数: 16.0, 成功率: 0.000, 平均完成任务点: 0.00, 学习率: 0.000014, 噪声标准差: 0.0182, 平均用时: 0.26s
2025-09-09 18:36:13,833 - INFO - Episode 350/1000 - 策略: Actor网络, 平均奖励: -100.479, 平均步数: 16.0, 成功率: 0.000, 平均完成任务点: 0.00, 学习率: 0.000014, 噪声标准差: 0.0173, 平均用时: 0.28s
2025-09-09 18:36:16,532 - INFO - Episode 360/1000 - 策略: Actor网络, 平均奖励: -100.479, 平均步数: 16.0, 成功率: 0.000, 平均完成任务点: 0.00, 学习率: 0.000014, 噪声标准差: 0.0165, 平均用时: 0.27s
2025-09-09 18:36:19,524 - INFO - Episode 370/1000 - 策略: Actor网络, 平均奖励: -100.479, 平均步数: 16.0, 成功率: 0.000, 平均完成任务点: 0.00, 学习率: 0.000014, 噪声标准差: 0.0157, 平均用时: 0.30s
2025-09-09 18:36:22,236 - INFO - Episode 380/1000 - 策略: Actor网络, 平均奖励: -100.479, 平均步数: 16.0, 成功率: 0.000, 平均完成任务点: 0.00, 学习率: 0.000014, 噪声标准差: 0.0149, 平均用时: 0.27s
2025-09-09 18:36:24,812 - INFO - Episode 390/1000 - 策略: Actor网络, 平均奖励: -100.479, 平均步数: 16.0, 成功率: 0.000, 平均完成任务点: 0.00, 学习率: 0.000014, 噪声标准差: 0.0142, 平均用时: 0.26s
2025-09-09 18:36:27,521 - INFO - Episode 400/1000 - 策略: Actor网络, 平均奖励: -100.479, 平均步数: 16.0, 成功率: 0.000, 平均完成任务点: 0.00, 学习率: 0.000014, 噪声标准差: 0.0135, 平均用时: 0.27s
2025-09-09 18:36:30,336 - INFO - Episode 410/1000 - 策略: Actor网络, 平均奖励: -100.479, 平均步数: 16.0, 成功率: 0.000, 平均完成任务点: 0.00, 学习率: 0.000013, 噪声标准差: 0.0128, 平均用时: 0.28s
2025-09-09 18:36:33,034 - INFO - Episode 420/1000 - 策略: Actor网络, 平均奖励: -100.480, 平均步数: 16.0, 成功率: 0.000, 平均完成任务点: 0.00, 学习率: 0.000013, 噪声标准差: 0.0122, 平均用时: 0.27s
2025-09-09 18:36:35,674 - INFO - Episode 430/1000 - 策略: Actor网络, 平均奖励: -100.479, 平均步数: 16.0, 成功率: 0.000, 平均完成任务点: 0.00, 学习率: 0.000013, 噪声标准差: 0.0116, 平均用时: 0.26s
2025-09-09 18:36:38,199 - INFO - Episode 440/1000 - 策略: Actor网络, 平均奖励: -100.479, 平均步数: 16.0, 成功率: 0.000, 平均完成任务点: 0.00, 学习率: 0.000013, 噪声标准差: 0.0110, 平均用时: 0.25s
2025-09-09 18:36:40,908 - INFO - Episode 450/1000 - 策略: Actor网络, 平均奖励: -100.479, 平均步数: 16.0, 成功率: 0.000, 平均完成任务点: 0.00, 学习率: 0.000013, 噪声标准差: 0.0105, 平均用时: 0.27s
2025-09-09 18:36:43,742 - INFO - Episode 460/1000 - 策略: Actor网络, 平均奖励: -100.479, 平均步数: 16.0, 成功率: 0.000, 平均完成任务点: 0.00, 学习率: 0.000013, 噪声标准差: 0.0100, 平均用时: 0.28s
2025-09-09 18:36:46,548 - INFO - Episode 470/1000 - 策略: Actor网络, 平均奖励: -100.480, 平均步数: 16.0, 成功率: 0.000, 平均完成任务点: 0.00, 学习率: 0.000013, 噪声标准差: 0.0100, 平均用时: 0.28s
2025-09-09 18:36:49,398 - INFO - Episode 480/1000 - 策略: Actor网络, 平均奖励: -100.480, 平均步数: 16.0, 成功率: 0.000, 平均完成任务点: 0.00, 学习率: 0.000012, 噪声标准差: 0.0100, 平均用时: 0.29s
2025-09-09 18:36:52,097 - INFO - Episode 490/1000 - 策略: Actor网络, 平均奖励: -100.480, 平均步数: 16.0, 成功率: 0.000, 平均完成任务点: 0.00, 学习率: 0.000012, 噪声标准差: 0.0100, 平均用时: 0.27s
2025-09-09 18:36:55,196 - INFO - Episode 500/1000 - 策略: Actor网络, 平均奖励: -100.578, 平均步数: 19.4, 成功率: 0.000, 平均完成任务点: 0.00, 学习率: 0.000012, 噪声标准差: 0.0100, 平均用时: 0.31s
2025-09-09 18:37:00,714 - INFO - Episode 510/1000 - 策略: Actor网络, 平均奖励: -100.975, 平均步数: 33.0, 成功率: 0.000, 平均完成任务点: 0.00, 学习率: 0.000012, 噪声标准差: 0.0100, 平均用时: 0.55s
2025-09-09 18:37:06,304 - INFO - Episode 520/1000 - 策略: Actor网络, 平均奖励: -100.975, 平均步数: 33.0, 成功率: 0.000, 平均完成任务点: 0.00, 学习率: 0.000012, 噪声标准差: 0.0100, 平均用时: 0.56s
2025-09-09 18:37:11,983 - INFO - Episode 530/1000 - 策略: Actor网络, 平均奖励: -100.975, 平均步数: 33.0, 成功率: 0.000, 平均完成任务点: 0.00, 学习率: 0.000012, 噪声标准差: 0.0100, 平均用时: 0.57s
2025-09-09 18:37:17,612 - INFO - Episode 540/1000 - 策略: Actor网络, 平均奖励: -100.975, 平均步数: 33.0, 成功率: 0.000, 平均完成任务点: 0.00, 学习率: 0.000012, 噪声标准差: 0.0100, 平均用时: 0.56s
2025-09-09 18:37:23,317 - INFO - Episode 550/1000 - 策略: Actor网络, 平均奖励: -100.975, 平均步数: 33.0, 成功率: 0.000, 平均完成任务点: 0.00, 学习率: 0.000012, 噪声标准差: 0.0100, 平均用时: 0.57s
2025-09-09 18:37:23,936 - INFO - 定期模型已保存到 log/train_2025-09-09-18-31/periodic_saves/episode_551 - 定期保存（500轮间隔）
2025-09-09 18:37:29,001 - INFO - Episode 560/1000 - 策略: Actor网络, 平均奖励: -100.975, 平均步数: 33.0, 成功率: 0.000, 平均完成任务点: 0.00, 学习率: 0.000012, 噪声标准差: 0.0100, 平均用时: 0.57s
2025-09-09 18:37:34,668 - INFO - Episode 570/1000 - 策略: Actor网络, 平均奖励: -100.975, 平均步数: 33.0, 成功率: 0.000, 平均完成任务点: 0.00, 学习率: 0.000011, 噪声标准差: 0.0100, 平均用时: 0.57s
2025-09-09 18:37:40,110 - INFO - Episode 580/1000 - 策略: Actor网络, 平均奖励: -100.975, 平均步数: 33.0, 成功率: 0.000, 平均完成任务点: 0.00, 学习率: 0.000011, 噪声标准差: 0.0100, 平均用时: 0.54s
2025-09-09 18:37:45,378 - INFO - Episode 590/1000 - 策略: Actor网络, 平均奖励: -100.975, 平均步数: 33.0, 成功率: 0.000, 平均完成任务点: 0.00, 学习率: 0.000011, 噪声标准差: 0.0100, 平均用时: 0.53s
2025-09-09 18:37:50,791 - INFO - Episode 600/1000 - 策略: Actor网络, 平均奖励: -100.975, 平均步数: 33.0, 成功率: 0.000, 平均完成任务点: 0.00, 学习率: 0.000011, 噪声标准差: 0.0100, 平均用时: 0.54s
2025-09-09 18:37:56,605 - INFO - Episode 610/1000 - 策略: Actor网络, 平均奖励: -100.975, 平均步数: 33.0, 成功率: 0.000, 平均完成任务点: 0.00, 学习率: 0.000011, 噪声标准差: 0.0100, 平均用时: 0.58s
2025-09-09 18:38:02,450 - INFO - Episode 620/1000 - 策略: Actor网络, 平均奖励: -100.975, 平均步数: 33.0, 成功率: 0.000, 平均完成任务点: 0.00, 学习率: 0.000011, 噪声标准差: 0.0100, 平均用时: 0.58s
2025-09-09 18:38:08,504 - INFO - Episode 630/1000 - 策略: Actor网络, 平均奖励: -100.975, 平均步数: 33.0, 成功率: 0.000, 平均完成任务点: 0.00, 学习率: 0.000011, 噪声标准差: 0.0100, 平均用时: 0.61s
2025-09-09 18:38:14,554 - INFO - Episode 640/1000 - 策略: Actor网络, 平均奖励: -100.975, 平均步数: 33.0, 成功率: 0.000, 平均完成任务点: 0.00, 学习率: 0.000011, 噪声标准差: 0.0100, 平均用时: 0.60s
2025-09-09 18:38:20,494 - INFO - Episode 650/1000 - 策略: Actor网络, 平均奖励: -100.975, 平均步数: 33.0, 成功率: 0.000, 平均完成任务点: 0.00, 学习率: 0.000011, 噪声标准差: 0.0100, 平均用时: 0.59s
2025-09-09 18:38:25,857 - INFO - Episode 660/1000 - 策略: Actor网络, 平均奖励: -100.975, 平均步数: 33.0, 成功率: 0.000, 平均完成任务点: 0.00, 学习率: 0.000010, 噪声标准差: 0.0100, 平均用时: 0.54s
2025-09-09 18:38:31,331 - INFO - Episode 670/1000 - 策略: Actor网络, 平均奖励: -100.975, 平均步数: 33.0, 成功率: 0.000, 平均完成任务点: 0.00, 学习率: 0.000010, 噪声标准差: 0.0100, 平均用时: 0.55s
2025-09-09 18:38:36,809 - INFO - Episode 680/1000 - 策略: Actor网络, 平均奖励: -100.975, 平均步数: 33.0, 成功率: 0.000, 平均完成任务点: 0.00, 学习率: 0.000010, 噪声标准差: 0.0100, 平均用时: 0.55s
2025-09-09 18:38:42,378 - INFO - Episode 690/1000 - 策略: Actor网络, 平均奖励: -100.975, 平均步数: 33.0, 成功率: 0.000, 平均完成任务点: 0.00, 学习率: 0.000010, 噪声标准差: 0.0100, 平均用时: 0.56s
2025-09-09 18:38:47,881 - INFO - Episode 700/1000 - 策略: Actor网络, 平均奖励: -100.975, 平均步数: 33.0, 成功率: 0.000, 平均完成任务点: 0.00, 学习率: 0.000010, 噪声标准差: 0.0100, 平均用时: 0.55s
2025-09-09 18:38:53,498 - INFO - Episode 710/1000 - 策略: Actor网络, 平均奖励: -100.975, 平均步数: 33.0, 成功率: 0.000, 平均完成任务点: 0.00, 学习率: 0.000010, 噪声标准差: 0.0100, 平均用时: 0.56s
2025-09-09 18:38:58,972 - INFO - Episode 720/1000 - 策略: Actor网络, 平均奖励: -100.975, 平均步数: 33.0, 成功率: 0.000, 平均完成任务点: 0.00, 学习率: 0.000010, 噪声标准差: 0.0100, 平均用时: 0.55s
2025-09-09 18:39:04,541 - INFO - Episode 730/1000 - 策略: Actor网络, 平均奖励: -100.975, 平均步数: 33.0, 成功率: 0.000, 平均完成任务点: 0.00, 学习率: 0.000010, 噪声标准差: 0.0100, 平均用时: 0.56s
2025-09-09 18:39:10,152 - INFO - Episode 740/1000 - 策略: Actor网络, 平均奖励: -100.975, 平均步数: 33.0, 成功率: 0.000, 平均完成任务点: 0.00, 学习率: 0.000010, 噪声标准差: 0.0100, 平均用时: 0.56s
2025-09-09 18:39:15,754 - INFO - Episode 750/1000 - 策略: Actor网络, 平均奖励: -100.975, 平均步数: 33.0, 成功率: 0.000, 平均完成任务点: 0.00, 学习率: 0.000010, 噪声标准差: 0.0100, 平均用时: 0.56s
2025-09-09 18:39:21,529 - INFO - Episode 760/1000 - 策略: Actor网络, 平均奖励: -100.975, 平均步数: 33.0, 成功率: 0.000, 平均完成任务点: 0.00, 学习率: 0.000009, 噪声标准差: 0.0100, 平均用时: 0.58s
2025-09-09 18:39:27,254 - INFO - Episode 770/1000 - 策略: Actor网络, 平均奖励: -100.975, 平均步数: 33.0, 成功率: 0.000, 平均完成任务点: 0.00, 学习率: 0.000009, 噪声标准差: 0.0100, 平均用时: 0.57s
2025-09-09 18:39:32,666 - INFO - Episode 780/1000 - 策略: Actor网络, 平均奖励: -100.975, 平均步数: 33.0, 成功率: 0.000, 平均完成任务点: 0.00, 学习率: 0.000009, 噪声标准差: 0.0100, 平均用时: 0.54s
2025-09-09 18:39:38,410 - INFO - Episode 790/1000 - 策略: Actor网络, 平均奖励: -100.975, 平均步数: 33.0, 成功率: 0.000, 平均完成任务点: 0.00, 学习率: 0.000009, 噪声标准差: 0.0100, 平均用时: 0.57s
2025-09-09 18:39:44,156 - INFO - Episode 800/1000 - 策略: Actor网络, 平均奖励: -100.975, 平均步数: 33.0, 成功率: 0.000, 平均完成任务点: 0.00, 学习率: 0.000009, 噪声标准差: 0.0100, 平均用时: 0.57s
2025-09-09 18:39:49,733 - INFO - Episode 810/1000 - 策略: Actor网络, 平均奖励: -100.975, 平均步数: 33.0, 成功率: 0.000, 平均完成任务点: 0.00, 学习率: 0.000009, 噪声标准差: 0.0100, 平均用时: 0.56s
2025-09-09 18:39:55,420 - INFO - Episode 820/1000 - 策略: Actor网络, 平均奖励: -100.975, 平均步数: 33.0, 成功率: 0.000, 平均完成任务点: 0.00, 学习率: 0.000009, 噪声标准差: 0.0100, 平均用时: 0.57s
2025-09-09 18:40:00,793 - INFO - Episode 830/1000 - 策略: Actor网络, 平均奖励: -100.975, 平均步数: 33.0, 成功率: 0.000, 平均完成任务点: 0.00, 学习率: 0.000009, 噪声标准差: 0.0100, 平均用时: 0.54s
2025-09-09 18:40:06,444 - INFO - Episode 840/1000 - 策略: Actor网络, 平均奖励: -100.975, 平均步数: 33.0, 成功率: 0.000, 平均完成任务点: 0.00, 学习率: 0.000009, 噪声标准差: 0.0100, 平均用时: 0.57s
2025-09-09 18:40:12,300 - INFO - Episode 850/1000 - 策略: Actor网络, 平均奖励: -100.975, 平均步数: 33.0, 成功率: 0.000, 平均完成任务点: 0.00, 学习率: 0.000009, 噪声标准差: 0.0100, 平均用时: 0.59s
2025-09-09 18:40:18,021 - INFO - Episode 860/1000 - 策略: Actor网络, 平均奖励: -100.975, 平均步数: 33.0, 成功率: 0.000, 平均完成任务点: 0.00, 学习率: 0.000009, 噪声标准差: 0.0100, 平均用时: 0.57s
2025-09-09 18:40:23,862 - INFO - Episode 870/1000 - 策略: Actor网络, 平均奖励: -100.975, 平均步数: 33.0, 成功率: 0.000, 平均完成任务点: 0.00, 学习率: 0.000008, 噪声标准差: 0.0100, 平均用时: 0.58s
2025-09-09 18:40:29,817 - INFO - Episode 880/1000 - 策略: Actor网络, 平均奖励: -100.975, 平均步数: 33.0, 成功率: 0.000, 平均完成任务点: 0.00, 学习率: 0.000008, 噪声标准差: 0.0100, 平均用时: 0.60s
2025-09-09 18:40:35,330 - INFO - Episode 890/1000 - 策略: Actor网络, 平均奖励: -100.975, 平均步数: 33.0, 成功率: 0.000, 平均完成任务点: 0.00, 学习率: 0.000008, 噪声标准差: 0.0100, 平均用时: 0.55s
2025-09-09 18:40:40,733 - INFO - Episode 900/1000 - 策略: Actor网络, 平均奖励: -100.975, 平均步数: 33.0, 成功率: 0.000, 平均完成任务点: 0.00, 学习率: 0.000008, 噪声标准差: 0.0100, 平均用时: 0.54s
2025-09-09 18:40:46,092 - INFO - Episode 910/1000 - 策略: Actor网络, 平均奖励: -100.975, 平均步数: 33.0, 成功率: 0.000, 平均完成任务点: 0.00, 学习率: 0.000008, 噪声标准差: 0.0100, 平均用时: 0.54s
2025-09-09 18:40:51,625 - INFO - Episode 920/1000 - 策略: Actor网络, 平均奖励: -100.975, 平均步数: 33.0, 成功率: 0.000, 平均完成任务点: 0.00, 学习率: 0.000008, 噪声标准差: 0.0100, 平均用时: 0.55s
2025-09-09 18:40:57,482 - INFO - Episode 930/1000 - 策略: Actor网络, 平均奖励: -100.975, 平均步数: 33.0, 成功率: 0.000, 平均完成任务点: 0.00, 学习率: 0.000008, 噪声标准差: 0.0100, 平均用时: 0.59s
2025-09-09 18:41:03,400 - INFO - Episode 940/1000 - 策略: Actor网络, 平均奖励: -100.975, 平均步数: 33.0, 成功率: 0.000, 平均完成任务点: 0.00, 学习率: 0.000008, 噪声标准差: 0.0100, 平均用时: 0.59s
2025-09-09 18:41:09,086 - INFO - Episode 950/1000 - 策略: Actor网络, 平均奖励: -100.975, 平均步数: 33.0, 成功率: 0.000, 平均完成任务点: 0.00, 学习率: 0.000008, 噪声标准差: 0.0100, 平均用时: 0.57s
2025-09-09 18:41:14,971 - INFO - Episode 960/1000 - 策略: Actor网络, 平均奖励: -100.975, 平均步数: 33.0, 成功率: 0.000, 平均完成任务点: 0.00, 学习率: 0.000008, 噪声标准差: 0.0100, 平均用时: 0.59s
2025-09-09 18:41:20,998 - INFO - Episode 970/1000 - 策略: Actor网络, 平均奖励: -100.975, 平均步数: 33.0, 成功率: 0.000, 平均完成任务点: 0.00, 学习率: 0.000008, 噪声标准差: 0.0100, 平均用时: 0.60s
2025-09-09 18:41:26,823 - INFO - Episode 980/1000 - 策略: Actor网络, 平均奖励: -100.975, 平均步数: 33.0, 成功率: 0.000, 平均完成任务点: 0.00, 学习率: 0.000008, 噪声标准差: 0.0100, 平均用时: 0.58s
2025-09-09 18:41:32,055 - INFO - Episode 990/1000 - 策略: Actor网络, 平均奖励: -100.975, 平均步数: 33.0, 成功率: 0.000, 平均完成任务点: 0.00, 学习率: 0.000007, 噪声标准差: 0.0100, 平均用时: 0.52s
2025-09-09 18:41:37,726 - INFO - Episode 1000/1000 - 策略: Actor网络, 平均奖励: -100.975, 平均步数: 33.0, 成功率: 0.000, 平均完成任务点: 0.00, 学习率: 0.000007, 噪声标准差: 0.0100, 平均用时: 0.57s
2025-09-09 18:41:37,727 - INFO - 训练完成！总用时: 606.71s
2025-09-09 18:41:37,734 - INFO - 最终模型已保存到 log/train_2025-09-09-18-31/final_model
2025-09-09 18:41:37,734 - INFO - === 最终训练统计 ===
2025-09-09 18:41:37,734 - INFO - 最后10轮平均奖励: -100.975
2025-09-09 18:41:37,735 - INFO - 最后10轮平均步数: 33.0
2025-09-09 18:41:37,735 - INFO - 最后10轮成功率: 0.000
2025-09-09 18:41:37,735 - INFO - 最后10轮平均完成任务点: 0.00
2025-09-09 18:41:37,735 - INFO - 最终学习率: 0.000007
2025-09-09 18:41:37,735 - INFO - 最终噪声标准差: 0.0100
2025-09-09 18:41:37,735 - INFO - 历史最佳平均完成任务数: 0.000
2025-09-09 18:41:37,735 - INFO - 总训练轮数: 1000
2025-09-09 18:41:37,736 - INFO - 最近轮次最高奖励: -100.975
2025-09-09 18:41:37,736 - INFO - 最近轮次最低奖励: -100.975
2025-09-09 18:41:37,736 - INFO - 最近轮次最多完成任务点: 0
2025-09-09 18:41:37,736 - INFO - 最近轮次最少完成任务点: 0
2025-09-09 18:41:37,736 - INFO - 训练结束！
