2025-09-09 16:13:03,574 - INFO - 开始训练 MADDPG...
2025-09-09 16:13:03,574 - INFO - 日志目录: log/train_2025-09-09-16-13
2025-09-09 16:13:03,574 - INFO - 配置文件已保存到: log/train_2025-09-09-16-13/config.json
2025-09-09 16:13:03,574 - INFO - 配置参数: {'map': {'kMaxX': 5.0, 'kMaxY': 5.0, 'kMinX': -5.0, 'kMinY': -5.0, 'kMaxObsR': 1.0, 'kMinObsR': 0.3, 'kNumAgents': 2, 'kNumGoals': 5, 'kNumObstacles': 3, 'kTimeStep': 0.1}, 'agent': {'kAgentRadius': 0.2, 'kMaxSpeed': 1.0, 'kMaxAngularSpeed': 1.0, 'kNumRadars': 32, 'kMaxRadarDist': 3.0}, 'goal': {'kGoalThreshold': 0.3}, 'reward': {'kTimeReward': -0.1, 'kCollisionReward': -100.0, 'kGoalReward': 100.0, 'kDistanceReward': 0.1, 'kAgentSeparationReward': 0.1, 'kMinAgentDistance': 1.0, 'kMinGoalDistance': 0.1}, 'training': {'max_episodes': 1000, 'max_steps_per_episode': 500, 'buffer_size': 100000, 'batch_size': 512, 'learning_rate': 0.0001, 'lr_decay': 0.99, 'min_learning_rate': 1e-05, 'gamma': 0.95, 'tau': 0.01, 'noise_std': 0.1, 'noise_decay': 0.995, 'min_noise_std': 0.01, 'smart_noise_control': True, 'save_interval': 500, 'log_interval': 10, 'device': 'cuda'}}
2025-09-09 16:13:03,602 - INFO - 使用设备: cuda
2025-09-09 16:13:03,609 - INFO - 环境创建成功 - Agent数量: 2, 目标数量: 5, 障碍物数量: 3
2025-09-09 16:13:03,609 - INFO - 状态维度 - Agent状态: 3, 观测维度: 32, 动作维度: 2
2025-09-09 16:13:03,609 - INFO - 全局状态维度: 30, 最大动作: [1. 1.]
2025-09-09 16:13:04,948 - INFO - 智能体团队创建成功
2025-09-09 16:13:04,949 - INFO - 经验回放缓冲区创建成功
2025-09-09 16:13:04,949 - INFO - 保存初始环境状态图...
2025-09-09 16:13:05,662 - INFO - 初始环境状态图已保存到: images/initial_environment_state.png
2025-09-09 16:13:05,663 - INFO - 开始训练循环...
2025-09-09 16:13:19,004 - INFO - Episode 10/1000 - 平均奖励: -85.110, 平均步数: 112.6, 成功率: 0.000, 平均完成任务点: 0.00, 学习率: 0.000100, 噪声标准差: 0.0951, 用时: 0.26s
2025-09-09 16:13:21,657 - INFO - Episode 20/1000 - 平均奖励: -100.246, 平均步数: 16.3, 成功率: 0.000, 平均完成任务点: 0.00, 学习率: 0.000099, 噪声标准差: 0.0905, 用时: 0.27s
2025-09-09 16:13:24,304 - INFO - Episode 30/1000 - 平均奖励: -100.483, 平均步数: 16.2, 成功率: 0.000, 平均完成任务点: 0.00, 学习率: 0.000098, 噪声标准差: 0.0860, 用时: 0.26s
2025-09-09 16:13:26,927 - INFO - Episode 40/1000 - 平均奖励: -100.479, 平均步数: 16.1, 成功率: 0.000, 平均完成任务点: 0.00, 学习率: 0.000097, 噪声标准差: 0.0818, 用时: 0.26s
2025-09-09 16:13:29,562 - INFO - Episode 50/1000 - 平均奖励: -100.483, 平均步数: 16.2, 成功率: 0.000, 平均完成任务点: 0.00, 学习率: 0.000096, 噪声标准差: 0.0778, 用时: 0.26s
2025-09-09 16:13:32,139 - INFO - Episode 60/1000 - 平均奖励: -100.477, 平均步数: 16.0, 成功率: 0.000, 平均完成任务点: 0.00, 学习率: 0.000095, 噪声标准差: 0.0740, 用时: 0.26s
2025-09-09 16:13:34,485 - INFO - Episode 70/1000 - 平均奖励: -100.445, 平均步数: 14.4, 成功率: 0.000, 平均完成任务点: 0.00, 学习率: 0.000094, 噪声标准差: 0.0704, 用时: 0.17s
2025-09-09 16:13:36,170 - INFO - Episode 80/1000 - 平均奖励: -100.361, 平均步数: 10.1, 成功率: 0.000, 平均完成任务点: 0.00, 学习率: 0.000093, 噪声标准差: 0.0670, 用时: 0.19s
2025-09-09 16:13:40,811 - INFO - Episode 90/1000 - 平均奖励: -100.871, 平均步数: 29.4, 成功率: 0.000, 平均完成任务点: 0.00, 学习率: 0.000092, 噪声标准差: 0.0637, 用时: 0.12s
2025-09-09 16:13:42,033 - INFO - Episode 100/1000 - 平均奖励: -100.161, 平均步数: 8.0, 成功率: 0.000, 平均完成任务点: 0.00, 学习率: 0.000091, 噪声标准差: 0.0606, 用时: 0.12s
2025-09-09 16:13:43,262 - INFO - Episode 110/1000 - 平均奖励: -100.160, 平均步数: 8.0, 成功率: 0.000, 平均完成任务点: 0.00, 学习率: 0.000090, 噪声标准差: 0.0576, 用时: 0.12s
2025-09-09 16:13:45,527 - INFO - Episode 120/1000 - 平均奖励: -99.738, 平均步数: 13.6, 成功率: 0.000, 平均完成任务点: 0.00, 学习率: 0.000090, 噪声标准差: 0.0548, 用时: 0.58s
2025-09-09 16:13:50,891 - INFO - Episode 130/1000 - 平均奖励: -109.413, 平均步数: 35.5, 成功率: 0.000, 平均完成任务点: 0.00, 学习率: 0.000089, 噪声标准差: 0.0521, 用时: 0.51s
2025-09-09 16:13:57,248 - INFO - Episode 140/1000 - 平均奖励: -100.853, 平均步数: 40.7, 成功率: 0.000, 平均完成任务点: 0.00, 学习率: 0.000088, 噪声标准差: 0.0496, 用时: 0.25s
2025-09-09 16:13:59,718 - INFO - Episode 150/1000 - 平均奖励: -100.357, 平均步数: 16.0, 成功率: 0.000, 平均完成任务点: 0.00, 学习率: 0.000087, 噪声标准差: 0.0471, 用时: 0.25s
2025-09-09 16:14:02,039 - INFO - Episode 160/1000 - 平均奖励: -110.326, 平均步数: 15.0, 成功率: 0.000, 平均完成任务点: 0.00, 学习率: 0.000086, 噪声标准差: 0.0448, 用时: 0.24s
2025-09-09 16:14:04,465 - INFO - Episode 170/1000 - 平均奖励: -130.380, 平均步数: 15.5, 成功率: 0.000, 平均完成任务点: 0.00, 学习率: 0.000085, 噪声标准差: 0.0427, 用时: 0.25s
2025-09-09 16:14:06,991 - INFO - Episode 180/1000 - 平均奖励: -100.454, 平均步数: 16.0, 成功率: 0.000, 平均完成任务点: 0.00, 学习率: 0.000084, 噪声标准差: 0.0406, 用时: 0.24s
2025-09-09 16:14:09,804 - INFO - Episode 190/1000 - 平均奖励: -100.561, 平均步数: 18.1, 成功率: 0.000, 平均完成任务点: 0.00, 学习率: 0.000083, 噪声标准差: 0.0386, 用时: 0.13s
2025-09-09 16:14:11,061 - INFO - Episode 200/1000 - 平均奖励: -100.279, 平均步数: 8.0, 成功率: 0.000, 平均完成任务点: 0.00, 学习率: 0.000083, 噪声标准差: 0.0367, 用时: 0.12s
2025-09-09 16:14:12,351 - INFO - Episode 210/1000 - 平均奖励: -100.274, 平均步数: 8.0, 成功率: 0.000, 平均完成任务点: 0.00, 学习率: 0.000082, 噪声标准差: 0.0349, 用时: 0.12s
2025-09-09 16:14:13,610 - INFO - Episode 220/1000 - 平均奖励: -100.270, 平均步数: 8.0, 成功率: 0.000, 平均完成任务点: 0.00, 学习率: 0.000081, 噪声标准差: 0.0332, 用时: 0.13s
2025-09-09 16:14:14,894 - INFO - Episode 230/1000 - 平均奖励: -100.277, 平均步数: 8.0, 成功率: 0.000, 平均完成任务点: 0.00, 学习率: 0.000080, 噪声标准差: 0.0316, 用时: 0.13s
2025-09-09 16:14:16,236 - INFO - Episode 240/1000 - 平均奖励: -100.280, 平均步数: 8.0, 成功率: 0.000, 平均完成任务点: 0.00, 学习率: 0.000079, 噪声标准差: 0.0300, 用时: 0.13s
2025-09-09 16:14:17,623 - INFO - Episode 250/1000 - 平均奖励: -100.280, 平均步数: 8.0, 成功率: 0.000, 平均完成任务点: 0.00, 学习率: 0.000079, 噪声标准差: 0.0286, 用时: 0.13s
2025-09-09 16:14:18,862 - INFO - Episode 260/1000 - 平均奖励: -100.279, 平均步数: 8.0, 成功率: 0.000, 平均完成任务点: 0.00, 学习率: 0.000078, 噪声标准差: 0.0272, 用时: 0.12s
2025-09-09 16:14:20,068 - INFO - Episode 270/1000 - 平均奖励: -100.280, 平均步数: 8.0, 成功率: 0.000, 平均完成任务点: 0.00, 学习率: 0.000077, 噪声标准差: 0.0258, 用时: 0.12s
2025-09-09 16:14:21,272 - INFO - Episode 280/1000 - 平均奖励: -100.281, 平均步数: 8.0, 成功率: 0.000, 平均完成任务点: 0.00, 学习率: 0.000076, 噪声标准差: 0.0246, 用时: 0.12s
2025-09-09 16:14:22,491 - INFO - Episode 290/1000 - 平均奖励: -100.281, 平均步数: 8.0, 成功率: 0.000, 平均完成任务点: 0.00, 学习率: 0.000075, 噪声标准差: 0.0234, 用时: 0.12s
2025-09-09 16:14:23,778 - INFO - Episode 300/1000 - 平均奖励: -100.281, 平均步数: 8.0, 成功率: 0.000, 平均完成任务点: 0.00, 学习率: 0.000075, 噪声标准差: 0.0222, 用时: 0.13s
2025-09-09 16:14:25,112 - INFO - Episode 310/1000 - 平均奖励: -100.281, 平均步数: 8.0, 成功率: 0.000, 平均完成任务点: 0.00, 学习率: 0.000074, 噪声标准差: 0.0211, 用时: 0.14s
2025-09-09 16:14:26,349 - INFO - Episode 320/1000 - 平均奖励: -100.281, 平均步数: 8.0, 成功率: 0.000, 平均完成任务点: 0.00, 学习率: 0.000073, 噪声标准差: 0.0201, 用时: 0.12s
2025-09-09 16:14:27,552 - INFO - Episode 330/1000 - 平均奖励: -100.281, 平均步数: 8.0, 成功率: 0.000, 平均完成任务点: 0.00, 学习率: 0.000072, 噪声标准差: 0.0191, 用时: 0.12s
2025-09-09 16:14:28,755 - INFO - Episode 340/1000 - 平均奖励: -100.281, 平均步数: 8.0, 成功率: 0.000, 平均完成任务点: 0.00, 学习率: 0.000072, 噪声标准差: 0.0182, 用时: 0.12s
2025-09-09 16:14:29,978 - INFO - Episode 350/1000 - 平均奖励: -100.281, 平均步数: 8.0, 成功率: 0.000, 平均完成任务点: 0.00, 学习率: 0.000071, 噪声标准差: 0.0173, 用时: 0.12s
2025-09-09 16:14:31,280 - INFO - Episode 360/1000 - 平均奖励: -100.281, 平均步数: 8.0, 成功率: 0.000, 平均完成任务点: 0.00, 学习率: 0.000070, 噪声标准差: 0.0165, 用时: 0.13s
2025-09-09 16:14:32,640 - INFO - Episode 370/1000 - 平均奖励: -100.281, 平均步数: 8.0, 成功率: 0.000, 平均完成任务点: 0.00, 学习率: 0.000070, 噪声标准差: 0.0157, 用时: 0.15s
2025-09-09 16:14:33,901 - INFO - Episode 380/1000 - 平均奖励: -100.281, 平均步数: 8.0, 成功率: 0.000, 平均完成任务点: 0.00, 学习率: 0.000069, 噪声标准差: 0.0149, 用时: 0.12s
2025-09-09 16:14:35,148 - INFO - Episode 390/1000 - 平均奖励: -100.281, 平均步数: 8.0, 成功率: 0.000, 平均完成任务点: 0.00, 学习率: 0.000068, 噪声标准差: 0.0142, 用时: 0.14s
2025-09-09 16:14:36,397 - INFO - Episode 400/1000 - 平均奖励: -100.281, 平均步数: 8.0, 成功率: 0.000, 平均完成任务点: 0.00, 学习率: 0.000068, 噪声标准差: 0.0135, 用时: 0.12s
2025-09-09 16:14:37,652 - INFO - Episode 410/1000 - 平均奖励: -100.281, 平均步数: 8.0, 成功率: 0.000, 平均完成任务点: 0.00, 学习率: 0.000067, 噪声标准差: 0.0128, 用时: 0.13s
2025-09-09 16:14:38,955 - INFO - Episode 420/1000 - 平均奖励: -100.281, 平均步数: 8.0, 成功率: 0.000, 平均完成任务点: 0.00, 学习率: 0.000066, 噪声标准差: 0.0122, 用时: 0.13s
2025-09-09 16:14:40,181 - INFO - Episode 430/1000 - 平均奖励: -100.282, 平均步数: 8.0, 成功率: 0.000, 平均完成任务点: 0.00, 学习率: 0.000066, 噪声标准差: 0.0116, 用时: 0.12s
2025-09-09 16:14:41,388 - INFO - Episode 440/1000 - 平均奖励: -100.282, 平均步数: 8.0, 成功率: 0.000, 平均完成任务点: 0.00, 学习率: 0.000065, 噪声标准差: 0.0110, 用时: 0.12s
2025-09-09 16:14:42,602 - INFO - Episode 450/1000 - 平均奖励: -100.282, 平均步数: 8.0, 成功率: 0.000, 平均完成任务点: 0.00, 学习率: 0.000064, 噪声标准差: 0.0105, 用时: 0.12s
2025-09-09 16:14:43,871 - INFO - Episode 460/1000 - 平均奖励: -100.282, 平均步数: 8.0, 成功率: 0.000, 平均完成任务点: 0.00, 学习率: 0.000064, 噪声标准差: 0.0100, 用时: 0.13s
2025-09-09 16:14:45,202 - INFO - Episode 470/1000 - 平均奖励: -100.282, 平均步数: 8.0, 成功率: 0.000, 平均完成任务点: 0.00, 学习率: 0.000063, 噪声标准差: 0.0100, 用时: 0.13s
2025-09-09 16:14:46,452 - INFO - Episode 480/1000 - 平均奖励: -100.282, 平均步数: 8.0, 成功率: 0.000, 平均完成任务点: 0.00, 学习率: 0.000062, 噪声标准差: 0.0100, 用时: 0.12s
2025-09-09 16:14:47,651 - INFO - Episode 490/1000 - 平均奖励: -100.282, 平均步数: 8.0, 成功率: 0.000, 平均完成任务点: 0.00, 学习率: 0.000062, 噪声标准差: 0.0100, 用时: 0.12s
2025-09-09 16:14:48,852 - INFO - Episode 500/1000 - 平均奖励: -100.282, 平均步数: 8.0, 成功率: 0.000, 平均完成任务点: 0.00, 学习率: 0.000061, 噪声标准差: 0.0100, 用时: 0.12s
2025-09-09 16:14:48,858 - INFO - 模型已保存到 models/episode_500_sr_0.000 - 定期保存（500轮间隔）
2025-09-09 16:14:50,084 - INFO - Episode 510/1000 - 平均奖励: -100.282, 平均步数: 8.0, 成功率: 0.000, 平均完成任务点: 0.00, 学习率: 0.000061, 噪声标准差: 0.0100, 用时: 0.13s
2025-09-09 16:14:51,403 - INFO - Episode 520/1000 - 平均奖励: -100.282, 平均步数: 8.0, 成功率: 0.000, 平均完成任务点: 0.00, 学习率: 0.000060, 噪声标准差: 0.0100, 用时: 0.13s
2025-09-09 16:14:52,920 - INFO - Episode 530/1000 - 平均奖励: -100.282, 平均步数: 8.0, 成功率: 0.000, 平均完成任务点: 0.00, 学习率: 0.000059, 噪声标准差: 0.0100, 用时: 0.13s
2025-09-09 16:14:54,338 - INFO - Episode 540/1000 - 平均奖励: -100.282, 平均步数: 8.0, 成功率: 0.000, 平均完成任务点: 0.00, 学习率: 0.000059, 噪声标准差: 0.0100, 用时: 0.13s
2025-09-09 16:14:55,768 - INFO - Episode 550/1000 - 平均奖励: -100.282, 平均步数: 8.0, 成功率: 0.000, 平均完成任务点: 0.00, 学习率: 0.000058, 噪声标准差: 0.0100, 用时: 0.15s
2025-09-09 16:14:57,192 - INFO - Episode 560/1000 - 平均奖励: -100.282, 平均步数: 8.0, 成功率: 0.000, 平均完成任务点: 0.00, 学习率: 0.000058, 噪声标准差: 0.0100, 用时: 0.15s
2025-09-09 16:14:58,603 - INFO - Episode 570/1000 - 平均奖励: -100.282, 平均步数: 8.0, 成功率: 0.000, 平均完成任务点: 0.00, 学习率: 0.000057, 噪声标准差: 0.0100, 用时: 0.15s
2025-09-09 16:15:00,092 - INFO - Episode 580/1000 - 平均奖励: -100.282, 平均步数: 8.0, 成功率: 0.000, 平均完成任务点: 0.00, 学习率: 0.000056, 噪声标准差: 0.0100, 用时: 0.15s
2025-09-09 16:15:01,515 - INFO - Episode 590/1000 - 平均奖励: -100.282, 平均步数: 8.0, 成功率: 0.000, 平均完成任务点: 0.00, 学习率: 0.000056, 噪声标准差: 0.0100, 用时: 0.14s
2025-09-09 16:15:02,950 - INFO - Episode 600/1000 - 平均奖励: -100.282, 平均步数: 8.0, 成功率: 0.000, 平均完成任务点: 0.00, 学习率: 0.000055, 噪声标准差: 0.0100, 用时: 0.15s
2025-09-09 16:15:04,347 - INFO - Episode 610/1000 - 平均奖励: -100.282, 平均步数: 8.0, 成功率: 0.000, 平均完成任务点: 0.00, 学习率: 0.000055, 噪声标准差: 0.0100, 用时: 0.12s
2025-09-09 16:15:05,809 - INFO - Episode 620/1000 - 平均奖励: -100.282, 平均步数: 8.0, 成功率: 0.000, 平均完成任务点: 0.00, 学习率: 0.000054, 噪声标准差: 0.0100, 用时: 0.15s
2025-09-09 16:15:07,305 - INFO - Episode 630/1000 - 平均奖励: -100.282, 平均步数: 8.0, 成功率: 0.000, 平均完成任务点: 0.00, 学习率: 0.000054, 噪声标准差: 0.0100, 用时: 0.15s
2025-09-09 16:15:08,780 - INFO - Episode 640/1000 - 平均奖励: -100.282, 平均步数: 8.0, 成功率: 0.000, 平均完成任务点: 0.00, 学习率: 0.000053, 噪声标准差: 0.0100, 用时: 0.15s
2025-09-09 16:15:10,221 - INFO - Episode 650/1000 - 平均奖励: -100.282, 平均步数: 8.0, 成功率: 0.000, 平均完成任务点: 0.00, 学习率: 0.000053, 噪声标准差: 0.0100, 用时: 0.15s
2025-09-09 16:15:11,662 - INFO - Episode 660/1000 - 平均奖励: -100.282, 平均步数: 8.0, 成功率: 0.000, 平均完成任务点: 0.00, 学习率: 0.000052, 噪声标准差: 0.0100, 用时: 0.15s
2025-09-09 16:15:13,032 - INFO - Episode 670/1000 - 平均奖励: -100.282, 平均步数: 8.0, 成功率: 0.000, 平均完成任务点: 0.00, 学习率: 0.000052, 噪声标准差: 0.0100, 用时: 0.14s
2025-09-09 16:15:14,521 - INFO - Episode 680/1000 - 平均奖励: -100.282, 平均步数: 8.0, 成功率: 0.000, 平均完成任务点: 0.00, 学习率: 0.000051, 噪声标准差: 0.0100, 用时: 0.15s
2025-09-09 16:15:16,069 - INFO - Episode 690/1000 - 平均奖励: -100.282, 平均步数: 8.0, 成功率: 0.000, 平均完成任务点: 0.00, 学习率: 0.000050, 噪声标准差: 0.0100, 用时: 0.15s
2025-09-09 16:15:17,494 - INFO - Episode 700/1000 - 平均奖励: -100.282, 平均步数: 8.0, 成功率: 0.000, 平均完成任务点: 0.00, 学习率: 0.000050, 噪声标准差: 0.0100, 用时: 0.13s
2025-09-09 16:15:18,920 - INFO - Episode 710/1000 - 平均奖励: -100.282, 平均步数: 8.0, 成功率: 0.000, 平均完成任务点: 0.00, 学习率: 0.000049, 噪声标准差: 0.0100, 用时: 0.13s
2025-09-09 16:15:20,366 - INFO - Episode 720/1000 - 平均奖励: -100.282, 平均步数: 8.0, 成功率: 0.000, 平均完成任务点: 0.00, 学习率: 0.000049, 噪声标准差: 0.0100, 用时: 0.16s
2025-09-09 16:15:21,864 - INFO - Episode 730/1000 - 平均奖励: -100.282, 平均步数: 8.0, 成功率: 0.000, 平均完成任务点: 0.00, 学习率: 0.000048, 噪声标准差: 0.0100, 用时: 0.15s
2025-09-09 16:15:23,366 - INFO - Episode 740/1000 - 平均奖励: -100.282, 平均步数: 8.0, 成功率: 0.000, 平均完成任务点: 0.00, 学习率: 0.000048, 噪声标准差: 0.0100, 用时: 0.15s
2025-09-09 16:15:24,892 - INFO - Episode 750/1000 - 平均奖励: -100.282, 平均步数: 8.0, 成功率: 0.000, 平均完成任务点: 0.00, 学习率: 0.000048, 噪声标准差: 0.0100, 用时: 0.15s
2025-09-09 16:15:26,390 - INFO - Episode 760/1000 - 平均奖励: -100.282, 平均步数: 8.0, 成功率: 0.000, 平均完成任务点: 0.00, 学习率: 0.000047, 噪声标准差: 0.0100, 用时: 0.13s
2025-09-09 16:15:27,833 - INFO - Episode 770/1000 - 平均奖励: -100.282, 平均步数: 8.0, 成功率: 0.000, 平均完成任务点: 0.00, 学习率: 0.000047, 噪声标准差: 0.0100, 用时: 0.15s
2025-09-09 16:15:29,332 - INFO - Episode 780/1000 - 平均奖励: -100.282, 平均步数: 8.0, 成功率: 0.000, 平均完成任务点: 0.00, 学习率: 0.000046, 噪声标准差: 0.0100, 用时: 0.15s
2025-09-09 16:15:30,782 - INFO - Episode 790/1000 - 平均奖励: -100.282, 平均步数: 8.0, 成功率: 0.000, 平均完成任务点: 0.00, 学习率: 0.000046, 噪声标准差: 0.0100, 用时: 0.15s
2025-09-09 16:15:32,263 - INFO - Episode 800/1000 - 平均奖励: -100.282, 平均步数: 8.0, 成功率: 0.000, 平均完成任务点: 0.00, 学习率: 0.000045, 噪声标准差: 0.0100, 用时: 0.15s
2025-09-09 16:15:33,758 - INFO - Episode 810/1000 - 平均奖励: -100.282, 平均步数: 8.0, 成功率: 0.000, 平均完成任务点: 0.00, 学习率: 0.000045, 噪声标准差: 0.0100, 用时: 0.15s
2025-09-09 16:15:35,275 - INFO - Episode 820/1000 - 平均奖励: -100.282, 平均步数: 8.0, 成功率: 0.000, 平均完成任务点: 0.00, 学习率: 0.000044, 噪声标准差: 0.0100, 用时: 0.15s
2025-09-09 16:15:36,610 - INFO - Episode 830/1000 - 平均奖励: -100.282, 平均步数: 8.0, 成功率: 0.000, 平均完成任务点: 0.00, 学习率: 0.000044, 噪声标准差: 0.0100, 用时: 0.13s
2025-09-09 16:15:37,954 - INFO - Episode 840/1000 - 平均奖励: -100.282, 平均步数: 8.0, 成功率: 0.000, 平均完成任务点: 0.00, 学习率: 0.000043, 噪声标准差: 0.0100, 用时: 0.13s
2025-09-09 16:15:39,198 - INFO - Episode 850/1000 - 平均奖励: -100.282, 平均步数: 8.0, 成功率: 0.000, 平均完成任务点: 0.00, 学习率: 0.000043, 噪声标准差: 0.0100, 用时: 0.12s
2025-09-09 16:15:40,407 - INFO - Episode 860/1000 - 平均奖励: -100.282, 平均步数: 8.0, 成功率: 0.000, 平均完成任务点: 0.00, 学习率: 0.000043, 噪声标准差: 0.0100, 用时: 0.12s
2025-09-09 16:15:41,666 - INFO - Episode 870/1000 - 平均奖励: -100.282, 平均步数: 8.0, 成功率: 0.000, 平均完成任务点: 0.00, 学习率: 0.000042, 噪声标准差: 0.0100, 用时: 0.14s
2025-09-09 16:15:43,027 - INFO - Episode 880/1000 - 平均奖励: -100.282, 平均步数: 8.0, 成功率: 0.000, 平均完成任务点: 0.00, 学习率: 0.000042, 噪声标准差: 0.0100, 用时: 0.13s
2025-09-09 16:15:44,366 - INFO - Episode 890/1000 - 平均奖励: -100.282, 平均步数: 8.0, 成功率: 0.000, 平均完成任务点: 0.00, 学习率: 0.000041, 噪声标准差: 0.0100, 用时: 0.13s
2025-09-09 16:15:45,696 - INFO - Episode 900/1000 - 平均奖励: -100.282, 平均步数: 8.0, 成功率: 0.000, 平均完成任务点: 0.00, 学习率: 0.000041, 噪声标准差: 0.0100, 用时: 0.13s
2025-09-09 16:15:47,030 - INFO - Episode 910/1000 - 平均奖励: -100.282, 平均步数: 8.0, 成功率: 0.000, 平均完成任务点: 0.00, 学习率: 0.000040, 噪声标准差: 0.0100, 用时: 0.13s
2025-09-09 16:15:48,434 - INFO - Episode 920/1000 - 平均奖励: -100.282, 平均步数: 8.0, 成功率: 0.000, 平均完成任务点: 0.00, 学习率: 0.000040, 噪声标准差: 0.0100, 用时: 0.12s
2025-09-09 16:15:49,668 - INFO - Episode 930/1000 - 平均奖励: -100.282, 平均步数: 8.0, 成功率: 0.000, 平均完成任务点: 0.00, 学习率: 0.000040, 噪声标准差: 0.0100, 用时: 0.12s
2025-09-09 16:15:50,903 - INFO - Episode 940/1000 - 平均奖励: -100.282, 平均步数: 8.0, 成功率: 0.000, 平均完成任务点: 0.00, 学习率: 0.000039, 噪声标准差: 0.0100, 用时: 0.14s
2025-09-09 16:15:52,168 - INFO - Episode 950/1000 - 平均奖励: -100.282, 平均步数: 8.0, 成功率: 0.000, 平均完成任务点: 0.00, 学习率: 0.000039, 噪声标准差: 0.0100, 用时: 0.13s
2025-09-09 16:15:53,504 - INFO - Episode 960/1000 - 平均奖励: -100.282, 平均步数: 8.0, 成功率: 0.000, 平均完成任务点: 0.00, 学习率: 0.000038, 噪声标准差: 0.0100, 用时: 0.12s
2025-09-09 16:15:54,775 - INFO - Episode 970/1000 - 平均奖励: -100.282, 平均步数: 8.0, 成功率: 0.000, 平均完成任务点: 0.00, 学习率: 0.000038, 噪声标准差: 0.0100, 用时: 0.12s
2025-09-09 16:15:56,014 - INFO - Episode 980/1000 - 平均奖励: -100.282, 平均步数: 8.0, 成功率: 0.000, 平均完成任务点: 0.00, 学习率: 0.000038, 噪声标准差: 0.0100, 用时: 0.12s
2025-09-09 16:15:57,247 - INFO - Episode 990/1000 - 平均奖励: -100.282, 平均步数: 8.0, 成功率: 0.000, 平均完成任务点: 0.00, 学习率: 0.000037, 噪声标准差: 0.0100, 用时: 0.13s
2025-09-09 16:15:58,551 - INFO - Episode 1000/1000 - 平均奖励: -100.282, 平均步数: 8.0, 成功率: 0.000, 平均完成任务点: 0.00, 学习率: 0.000037, 噪声标准差: 0.0100, 用时: 0.13s
2025-09-09 16:15:58,558 - INFO - 模型已保存到 models/episode_1000_sr_0.000 - 定期保存（500轮间隔）
2025-09-09 16:15:58,559 - INFO - 训练完成！总用时: 172.90s
2025-09-09 16:15:58,566 - INFO - === 最终训练统计 ===
2025-09-09 16:15:58,566 - INFO - 最后10轮平均奖励: -100.282
2025-09-09 16:15:58,566 - INFO - 最后10轮平均步数: 8.0
2025-09-09 16:15:58,566 - INFO - 最后10轮成功率: 0.000
2025-09-09 16:15:58,566 - INFO - 最后10轮平均完成任务点: 0.00
2025-09-09 16:15:58,566 - INFO - 最终学习率: 0.000037
2025-09-09 16:15:58,566 - INFO - 最终噪声标准差: 0.0100
2025-09-09 16:15:58,567 - INFO - 历史最佳成功率: 0.000
2025-09-09 16:15:58,567 - INFO - 总训练轮数: 1000
2025-09-09 16:15:58,567 - INFO - 最近轮次最高奖励: -100.282
2025-09-09 16:15:58,567 - INFO - 最近轮次最低奖励: -100.282
2025-09-09 16:15:58,567 - INFO - 最近轮次最多完成任务点: 0
2025-09-09 16:15:58,567 - INFO - 最近轮次最少完成任务点: 0
2025-09-09 16:15:58,567 - INFO - 训练结束！
