2025-09-09 16:32:40,395 - INFO - 开始训练 MADDPG...
2025-09-09 16:32:40,395 - INFO - 日志目录: log/train_2025-09-09-16-32
2025-09-09 16:32:40,396 - INFO - 配置文件已保存到: log/train_2025-09-09-16-32/config.json
2025-09-09 16:32:40,396 - INFO - 配置参数: {'map': {'kMaxX': 5.0, 'kMaxY': 5.0, 'kMinX': -5.0, 'kMinY': -5.0, 'kMaxObsR': 1.0, 'kMinObsR': 0.3, 'kNumAgents': 2, 'kNumGoals': 5, 'kNumObstacles': 3, 'kTimeStep': 0.1}, 'agent': {'kAgentRadius': 0.2, 'kMaxSpeed': 1.0, 'kMaxAngularSpeed': 1.0, 'kNumRadars': 32, 'kMaxRadarDist': 3.0}, 'goal': {'kGoalThreshold': 0.3}, 'reward': {'kTimeReward': -0.1, 'kCollisionReward': -100.0, 'kGoalReward': 100.0, 'kDistanceReward': 0.1, 'kAgentSeparationReward': 0.1, 'kMinAgentDistance': 1.0, 'kMinGoalDistance': 0.1}, 'training': {'max_episodes': 1000, 'max_steps_per_episode': 500, 'buffer_size': 100000, 'batch_size': 256, 'learning_rate': 0.0001, 'lr_decay': 0.99, 'min_learning_rate': 0.0001, 'gamma': 0.95, 'tau': 0.01, 'noise_std': 0.1, 'noise_decay': 0.995, 'min_noise_std': 0.01, 'smart_noise_control': True, 'save_interval': 500, 'log_interval': 10, 'device': 'cuda'}}
2025-09-09 16:32:40,427 - INFO - 使用设备: cuda
2025-09-09 16:32:40,434 - INFO - 环境创建成功 - Agent数量: 2, 目标数量: 5, 障碍物数量: 3
2025-09-09 16:32:40,434 - INFO - 状态维度 - Agent状态: 3, 观测维度: 32, 动作维度: 2
2025-09-09 16:32:40,435 - INFO - 全局状态维度: 30, 最大动作: [1. 1.]
2025-09-09 16:32:41,703 - INFO - 智能体团队创建成功
2025-09-09 16:32:41,703 - INFO - 经验回放缓冲区创建成功
2025-09-09 16:32:41,703 - INFO - 保存初始环境状态图...
2025-09-09 16:32:42,405 - INFO - 初始环境状态图已保存到: images/initial_environment_state.png
2025-09-09 16:32:42,406 - INFO - 开始训练循环...
2025-09-09 16:32:42,406 - INFO - 前200轮将使用纯随机游走策略，不执行actor网络和学习
2025-09-09 16:32:58,032 - INFO - Episode 10/1000 - 策略: 随机游走, 平均奖励: -91.728, 平均步数: 248.3, 成功率: 0.000, 平均完成任务点: 0.00, 学习率: 0.000100, 噪声标准差: 0.0951, 平均用时: 1.56s
2025-09-09 16:33:15,608 - INFO - Episode 20/1000 - 策略: 随机游走, 平均奖励: -74.371, 平均步数: 284.9, 成功率: 0.000, 平均完成任务点: 0.00, 学习率: 0.000100, 噪声标准差: 0.0905, 平均用时: 1.76s
2025-09-09 16:33:31,437 - INFO - Episode 30/1000 - 策略: 随机游走, 平均奖励: -84.401, 平均步数: 256.5, 成功率: 0.000, 平均完成任务点: 0.00, 学习率: 0.000100, 噪声标准差: 0.0860, 平均用时: 1.58s
2025-09-09 16:33:42,404 - INFO - Episode 40/1000 - 策略: 随机游走, 平均奖励: -92.636, 平均步数: 177.3, 成功率: 0.000, 平均完成任务点: 0.00, 学习率: 0.000100, 噪声标准差: 0.0818, 平均用时: 1.10s
2025-09-09 16:34:00,673 - INFO - Episode 50/1000 - 策略: 随机游走, 平均奖励: -75.420, 平均步数: 295.5, 成功率: 0.000, 平均完成任务点: 0.00, 学习率: 0.000100, 噪声标准差: 0.0778, 平均用时: 1.83s
2025-09-09 16:34:14,229 - INFO - Episode 60/1000 - 策略: 随机游走, 平均奖励: -83.584, 平均步数: 219.3, 成功率: 0.000, 平均完成任务点: 0.00, 学习率: 0.000100, 噪声标准差: 0.0740, 平均用时: 1.36s
